<?xml version="1.0" encoding="UTF-8"?>
<testsuite name="ca.mcgill.cranki.features.CucumberTestRunner" tests="9" skipped="0" failures="6" errors="0" timestamp="2024-10-26T15:26:41" hostname="spaceship" time="3.18">
  <properties/>
  <testcase name="Mark a todo as DONE (Normal Flow)" classname="ca.mcgill.cranki.features.CucumberTestRunner" time="2.902">
    <failure message="org.springframework.web.client.HttpServerErrorException$InternalServerError: 500 : &quot;{&quot;timestamp&quot;:&quot;2024-10-26T15:26:44.053+00:00&quot;,&quot;status&quot;:500,&quot;error&quot;:&quot;Internal Server Error&quot;,&quot;trace&quot;:&quot;java.util.NoSuchElementException: No value present\n\tat java.base/java.util.Optional.get(Optional.java:143)\n\tat ca.mcgill.cranki.controller.TodoItemController.updateTodoStatus(TodoItemController.java:22)\n\tat java.base/jdk.internal.reflect.DirectMethodHandleAccessor.invoke(DirectMethodHandleAccessor.java:103)\n\tat java.base/java.lang.reflect.Method.invoke(Method.java:580)\n\tat org.springframework.web.method.support.InvocableHandlerMethod.doInvoke(InvocableHandlerMethod.java:255)\n\tat org.springframework.web.method.support.InvocableHandlerMethod.invokeForRequest(InvocableHandlerMethod.java:188)\n\tat org.springframework.web.servlet.mvc.method.annotation.ServletInvocableHandlerMethod.invokeAndHandle(ServletInvocableHandlerMethod.java:118)\n\tat org.springframework.web.servlet.mvc.method.annotation.RequestMappingHandlerAdapter.invokeHandlerMethod(RequestMappingHandlerAdapter.java:926)\n\tat org.springframework.web.servlet.mvc.method.annotation.RequestMappingHandlerAdapter.handleInternal(RequestMappingHandlerAdapter.java:831)\n\tat org.springframework.web.servlet.mvc.method.AbstractHandlerMethodAdapter.handle(AbstractHandlerMethodAdapter.java:87)\n\tat org.springframework.web.servlet.DispatcherServlet.doDispatch(DispatcherServlet.java:1089)\n\tat org.springframework.web.servlet.DispatcherServlet.doService(DispatcherServlet.java:979)\n\tat org.springframework.web.servlet.FrameworkServlet.processRequest(FrameworkServlet.java:1014)\n\tat org.springframework.web.servlet.FrameworkServlet.doPut(FrameworkServlet.java:925)\n\tat jakarta.servlet.http.HttpServlet.service(HttpServlet.java:593)\n\tat org.springframework.web.servlet.FrameworkServlet.service(FrameworkServlet.java:885)\n\tat jakarta.servlet.http.HttpServlet.service(HttpServlet.java:658)\n\tat org.apache.catalina.core.ApplicationFilterChain.internalDoFilter(ApplicationFilterChain.java:195)\n\tat org.apache.catalina.core.ApplicationFilterChain.doFilter(ApplicationFilterChain.java:140)\n\tat org.apache.tomcat.websocket.server.WsFilter.doFilter(WsFilter.java:51)\n\tat org.apache.catalina.core.ApplicationFilterChain.internalDoFilter(ApplicationFilterChain.java:164)\n\tat org.apache.catalina.core.ApplicationFilterChain.doFilter(ApplicationFilterChain.java:140)\n\tat org.springframework.web.filter.RequestContextFilter.doFilterInternal(RequestContextFilter.java:100)\n\tat org.springframework.web.filter.OncePerRequestFilter.doFilter(OncePerRequestFilter.java:116)\n\tat org.apache.catalina.core.ApplicationFilterChain.internalDoFilter(ApplicationFilterChain.java:164)\n\tat org.apache.catalina.core.ApplicationFilterChain.doFilter(ApplicationFilterChain.java:140)\n\tat org.springframework.web.filter.FormContentFilter.doFilterInternal(FormContentFilter.java:93)\n\tat org.springframework.web.filter.OncePerRequestFilter.doFilter(OncePerRequestFilter.java:116)\n\tat org.apache.catalina.core.ApplicationFilterChain.internalDoFilter(ApplicationFilterChain.java:164)\n\tat org.apache.catalina.core.ApplicationFilterChain.doFilter(ApplicationFilterChain.java:140)\n\tat org.springframework.web.filter.CharacterEncodingFilter.doFilterInternal(CharacterEncodingFilter.java:201)\n\tat org.springframework.web.filter.OncePerRequestFilter.doFilter(OncePerRequestFilter.java:116)\n\tat org.apache.catalina.core.ApplicationFilterChain.internalDoFilter(ApplicationFilterChain.java:164)\n\tat org.apache.catalina.core.ApplicationFilterChain.doFilter(ApplicationFilterChain.java:140)\n\tat org.apache.catalina.core.StandardWrapperValve.invoke(StandardWrapperValve.java:167)\n\tat org.apache.catalina.core.StandardContextValve.invoke(StandardContextValve.java:90)\n\tat org.apache.catalina.authenticator.AuthenticatorBase.invoke(AuthenticatorBase.java:483)\n\tat org.apache.catalina.core.StandardHostValve.invoke(StandardHostValve.java:115)\n\tat org.apache.catalina.valves.ErrorReportValve.invoke(ErrorReportValve.java:93)\n\tat org.apache.catalina.core.StandardEngineValve.invoke(StandardEngineValve.java:74)\n\tat org.apache.catalina.connector.CoyoteAdapter.service(CoyoteAdapter.java:344)\n\tat org.apache.coyote.http11.Http11Processor.service(Http11Processor.java:384)\n\tat org.apache.coyote.AbstractProcessorLight.process(AbstractProcessorLight.java:63)\n\tat org.apache.coyote.AbstractProtocol$ConnectionHandler.process(AbstractProtocol.java:905)\n\tat org.apache.tomcat.util.net.NioEndpoint$SocketProcessor.doRun(NioEndpoint.java:1741)\n\tat org.apache.tomcat.util.net.SocketProcessorBase.run(SocketProcessorBase.java:52)\n\tat org.apache.tomcat.util.threads.ThreadPoolExecutor.runWorker(ThreadPoolExecutor.java:1190)\n\tat org.apache.tomcat.util.threads.ThreadPoolExecutor$Worker.run(ThreadPoolExecutor.java:659)\n\tat org.apache.tomcat.util.threads.TaskThread$WrappingRunnable.run(TaskThread.java:63)\n\tat java.base/java.lang.Thread.run(Thread.java:1583)\n&quot;,&quot;message&quot;:&quot;No value present&quot;,&quot;path&quot;:&quot;/todoItem/updateStatus&quot;}&quot;" type="org.springframework.web.client.HttpServerErrorException$InternalServerError">org.springframework.web.client.HttpServerErrorException$InternalServerError: 500 : &quot;{&quot;timestamp&quot;:&quot;2024-10-26T15:26:44.053+00:00&quot;,&quot;status&quot;:500,&quot;error&quot;:&quot;Internal Server Error&quot;,&quot;trace&quot;:&quot;java.util.NoSuchElementException: No value present\n\tat java.base/java.util.Optional.get(Optional.java:143)\n\tat ca.mcgill.cranki.controller.TodoItemController.updateTodoStatus(TodoItemController.java:22)\n\tat java.base/jdk.internal.reflect.DirectMethodHandleAccessor.invoke(DirectMethodHandleAccessor.java:103)\n\tat java.base/java.lang.reflect.Method.invoke(Method.java:580)\n\tat org.springframework.web.method.support.InvocableHandlerMethod.doInvoke(InvocableHandlerMethod.java:255)\n\tat org.springframework.web.method.support.InvocableHandlerMethod.invokeForRequest(InvocableHandlerMethod.java:188)\n\tat org.springframework.web.servlet.mvc.method.annotation.ServletInvocableHandlerMethod.invokeAndHandle(ServletInvocableHandlerMethod.java:118)\n\tat org.springframework.web.servlet.mvc.method.annotation.RequestMappingHandlerAdapter.invokeHandlerMethod(RequestMappingHandlerAdapter.java:926)\n\tat org.springframework.web.servlet.mvc.method.annotation.RequestMappingHandlerAdapter.handleInternal(RequestMappingHandlerAdapter.java:831)\n\tat org.springframework.web.servlet.mvc.method.AbstractHandlerMethodAdapter.handle(AbstractHandlerMethodAdapter.java:87)\n\tat org.springframework.web.servlet.DispatcherServlet.doDispatch(DispatcherServlet.java:1089)\n\tat org.springframework.web.servlet.DispatcherServlet.doService(DispatcherServlet.java:979)\n\tat org.springframework.web.servlet.FrameworkServlet.processRequest(FrameworkServlet.java:1014)\n\tat org.springframework.web.servlet.FrameworkServlet.doPut(FrameworkServlet.java:925)\n\tat jakarta.servlet.http.HttpServlet.service(HttpServlet.java:593)\n\tat org.springframework.web.servlet.FrameworkServlet.service(FrameworkServlet.java:885)\n\tat jakarta.servlet.http.HttpServlet.service(HttpServlet.java:658)\n\tat org.apache.catalina.core.ApplicationFilterChain.internalDoFilter(ApplicationFilterChain.java:195)\n\tat org.apache.catalina.core.ApplicationFilterChain.doFilter(ApplicationFilterChain.java:140)\n\tat org.apache.tomcat.websocket.server.WsFilter.doFilter(WsFilter.java:51)\n\tat org.apache.catalina.core.ApplicationFilterChain.internalDoFilter(ApplicationFilterChain.java:164)\n\tat org.apache.catalina.core.ApplicationFilterChain.doFilter(ApplicationFilterChain.java:140)\n\tat org.springframework.web.filter.RequestContextFilter.doFilterInternal(RequestContextFilter.java:100)\n\tat org.springframework.web.filter.OncePerRequestFilter.doFilter(OncePerRequestFilter.java:116)\n\tat org.apache.catalina.core.ApplicationFilterChain.internalDoFilter(ApplicationFilterChain.java:164)\n\tat org.apache.catalina.core.ApplicationFilterChain.doFilter(ApplicationFilterChain.java:140)\n\tat org.springframework.web.filter.FormContentFilter.doFilterInternal(FormContentFilter.java:93)\n\tat org.springframework.web.filter.OncePerRequestFilter.doFilter(OncePerRequestFilter.java:116)\n\tat org.apache.catalina.core.ApplicationFilterChain.internalDoFilter(ApplicationFilterChain.java:164)\n\tat org.apache.catalina.core.ApplicationFilterChain.doFilter(ApplicationFilterChain.java:140)\n\tat org.springframework.web.filter.CharacterEncodingFilter.doFilterInternal(CharacterEncodingFilter.java:201)\n\tat org.springframework.web.filter.OncePerRequestFilter.doFilter(OncePerRequestFilter.java:116)\n\tat org.apache.catalina.core.ApplicationFilterChain.internalDoFilter(ApplicationFilterChain.java:164)\n\tat org.apache.catalina.core.ApplicationFilterChain.doFilter(ApplicationFilterChain.java:140)\n\tat org.apache.catalina.core.StandardWrapperValve.invoke(StandardWrapperValve.java:167)\n\tat org.apache.catalina.core.StandardContextValve.invoke(StandardContextValve.java:90)\n\tat org.apache.catalina.authenticator.AuthenticatorBase.invoke(AuthenticatorBase.java:483)\n\tat org.apache.catalina.core.StandardHostValve.invoke(StandardHostValve.java:115)\n\tat org.apache.catalina.valves.ErrorReportValve.invoke(ErrorReportValve.java:93)\n\tat org.apache.catalina.core.StandardEngineValve.invoke(StandardEngineValve.java:74)\n\tat org.apache.catalina.connector.CoyoteAdapter.service(CoyoteAdapter.java:344)\n\tat org.apache.coyote.http11.Http11Processor.service(Http11Processor.java:384)\n\tat org.apache.coyote.AbstractProcessorLight.process(AbstractProcessorLight.java:63)\n\tat org.apache.coyote.AbstractProtocol$ConnectionHandler.process(AbstractProtocol.java:905)\n\tat org.apache.tomcat.util.net.NioEndpoint$SocketProcessor.doRun(NioEndpoint.java:1741)\n\tat org.apache.tomcat.util.net.SocketProcessorBase.run(SocketProcessorBase.java:52)\n\tat org.apache.tomcat.util.threads.ThreadPoolExecutor.runWorker(ThreadPoolExecutor.java:1190)\n\tat org.apache.tomcat.util.threads.ThreadPoolExecutor$Worker.run(ThreadPoolExecutor.java:659)\n\tat org.apache.tomcat.util.threads.TaskThread$WrappingRunnable.run(TaskThread.java:63)\n\tat java.base/java.lang.Thread.run(Thread.java:1583)\n&quot;,&quot;message&quot;:&quot;No value present&quot;,&quot;path&quot;:&quot;/todoItem/updateStatus&quot;}&quot;
	at app//org.springframework.web.client.HttpServerErrorException.create(HttpServerErrorException.java:102)
	at app//org.springframework.web.client.DefaultResponseErrorHandler.handleError(DefaultResponseErrorHandler.java:186)
	at app//org.springframework.web.client.DefaultResponseErrorHandler.handleError(DefaultResponseErrorHandler.java:137)
	at app//org.springframework.web.client.ResponseErrorHandler.handleError(ResponseErrorHandler.java:63)
	at app//org.springframework.web.client.RestTemplate.handleResponse(RestTemplate.java:942)
	at app//org.springframework.web.client.RestTemplate.doExecute(RestTemplate.java:891)
	at app//org.springframework.web.client.RestTemplate.execute(RestTemplate.java:790)
	at app//org.springframework.web.client.RestTemplate.exchange(RestTemplate.java:672)
	at app//ca.mcgill.cranki.features.markTodoStatusStepDefs.iMarkAsDone(markTodoStatusStepDefs.java:68)
	at ✽.I mark &quot;Buy groceries&quot; as DONE(file:///home/jubiiz/documents/school/ecse428/cranki/backend/cranki/src/test/java/resources/markTodoStatus.feature:12)
</failure>
  </testcase>
  <testcase name="Mark multiple todos as DONE (Alternate Flow)" classname="ca.mcgill.cranki.features.CucumberTestRunner" time="0.061">
    <failure message="org.springframework.web.client.HttpServerErrorException$InternalServerError: 500 : &quot;{&quot;timestamp&quot;:&quot;2024-10-26T15:26:44.147+00:00&quot;,&quot;status&quot;:500,&quot;error&quot;:&quot;Internal Server Error&quot;,&quot;trace&quot;:&quot;java.util.NoSuchElementException: No value present\n\tat java.base/java.util.Optional.get(Optional.java:143)\n\tat ca.mcgill.cranki.controller.TodoItemController.updateTodoStatus(TodoItemController.java:22)\n\tat java.base/jdk.internal.reflect.DirectMethodHandleAccessor.invoke(DirectMethodHandleAccessor.java:103)\n\tat java.base/java.lang.reflect.Method.invoke(Method.java:580)\n\tat org.springframework.web.method.support.InvocableHandlerMethod.doInvoke(InvocableHandlerMethod.java:255)\n\tat org.springframework.web.method.support.InvocableHandlerMethod.invokeForRequest(InvocableHandlerMethod.java:188)\n\tat org.springframework.web.servlet.mvc.method.annotation.ServletInvocableHandlerMethod.invokeAndHandle(ServletInvocableHandlerMethod.java:118)\n\tat org.springframework.web.servlet.mvc.method.annotation.RequestMappingHandlerAdapter.invokeHandlerMethod(RequestMappingHandlerAdapter.java:926)\n\tat org.springframework.web.servlet.mvc.method.annotation.RequestMappingHandlerAdapter.handleInternal(RequestMappingHandlerAdapter.java:831)\n\tat org.springframework.web.servlet.mvc.method.AbstractHandlerMethodAdapter.handle(AbstractHandlerMethodAdapter.java:87)\n\tat org.springframework.web.servlet.DispatcherServlet.doDispatch(DispatcherServlet.java:1089)\n\tat org.springframework.web.servlet.DispatcherServlet.doService(DispatcherServlet.java:979)\n\tat org.springframework.web.servlet.FrameworkServlet.processRequest(FrameworkServlet.java:1014)\n\tat org.springframework.web.servlet.FrameworkServlet.doPut(FrameworkServlet.java:925)\n\tat jakarta.servlet.http.HttpServlet.service(HttpServlet.java:593)\n\tat org.springframework.web.servlet.FrameworkServlet.service(FrameworkServlet.java:885)\n\tat jakarta.servlet.http.HttpServlet.service(HttpServlet.java:658)\n\tat org.apache.catalina.core.ApplicationFilterChain.internalDoFilter(ApplicationFilterChain.java:195)\n\tat org.apache.catalina.core.ApplicationFilterChain.doFilter(ApplicationFilterChain.java:140)\n\tat org.apache.tomcat.websocket.server.WsFilter.doFilter(WsFilter.java:51)\n\tat org.apache.catalina.core.ApplicationFilterChain.internalDoFilter(ApplicationFilterChain.java:164)\n\tat org.apache.catalina.core.ApplicationFilterChain.doFilter(ApplicationFilterChain.java:140)\n\tat org.springframework.web.filter.RequestContextFilter.doFilterInternal(RequestContextFilter.java:100)\n\tat org.springframework.web.filter.OncePerRequestFilter.doFilter(OncePerRequestFilter.java:116)\n\tat org.apache.catalina.core.ApplicationFilterChain.internalDoFilter(ApplicationFilterChain.java:164)\n\tat org.apache.catalina.core.ApplicationFilterChain.doFilter(ApplicationFilterChain.java:140)\n\tat org.springframework.web.filter.FormContentFilter.doFilterInternal(FormContentFilter.java:93)\n\tat org.springframework.web.filter.OncePerRequestFilter.doFilter(OncePerRequestFilter.java:116)\n\tat org.apache.catalina.core.ApplicationFilterChain.internalDoFilter(ApplicationFilterChain.java:164)\n\tat org.apache.catalina.core.ApplicationFilterChain.doFilter(ApplicationFilterChain.java:140)\n\tat org.springframework.web.filter.CharacterEncodingFilter.doFilterInternal(CharacterEncodingFilter.java:201)\n\tat org.springframework.web.filter.OncePerRequestFilter.doFilter(OncePerRequestFilter.java:116)\n\tat org.apache.catalina.core.ApplicationFilterChain.internalDoFilter(ApplicationFilterChain.java:164)\n\tat org.apache.catalina.core.ApplicationFilterChain.doFilter(ApplicationFilterChain.java:140)\n\tat org.apache.catalina.core.StandardWrapperValve.invoke(StandardWrapperValve.java:167)\n\tat org.apache.catalina.core.StandardContextValve.invoke(StandardContextValve.java:90)\n\tat org.apache.catalina.authenticator.AuthenticatorBase.invoke(AuthenticatorBase.java:483)\n\tat org.apache.catalina.core.StandardHostValve.invoke(StandardHostValve.java:115)\n\tat org.apache.catalina.valves.ErrorReportValve.invoke(ErrorReportValve.java:93)\n\tat org.apache.catalina.core.StandardEngineValve.invoke(StandardEngineValve.java:74)\n\tat org.apache.catalina.connector.CoyoteAdapter.service(CoyoteAdapter.java:344)\n\tat org.apache.coyote.http11.Http11Processor.service(Http11Processor.java:384)\n\tat org.apache.coyote.AbstractProcessorLight.process(AbstractProcessorLight.java:63)\n\tat org.apache.coyote.AbstractProtocol$ConnectionHandler.process(AbstractProtocol.java:905)\n\tat org.apache.tomcat.util.net.NioEndpoint$SocketProcessor.doRun(NioEndpoint.java:1741)\n\tat org.apache.tomcat.util.net.SocketProcessorBase.run(SocketProcessorBase.java:52)\n\tat org.apache.tomcat.util.threads.ThreadPoolExecutor.runWorker(ThreadPoolExecutor.java:1190)\n\tat org.apache.tomcat.util.threads.ThreadPoolExecutor$Worker.run(ThreadPoolExecutor.java:659)\n\tat org.apache.tomcat.util.threads.TaskThread$WrappingRunnable.run(TaskThread.java:63)\n\tat java.base/java.lang.Thread.run(Thread.java:1583)\n&quot;,&quot;message&quot;:&quot;No value present&quot;,&quot;path&quot;:&quot;/todoItem/updateStatus&quot;}&quot;" type="org.springframework.web.client.HttpServerErrorException$InternalServerError">org.springframework.web.client.HttpServerErrorException$InternalServerError: 500 : &quot;{&quot;timestamp&quot;:&quot;2024-10-26T15:26:44.147+00:00&quot;,&quot;status&quot;:500,&quot;error&quot;:&quot;Internal Server Error&quot;,&quot;trace&quot;:&quot;java.util.NoSuchElementException: No value present\n\tat java.base/java.util.Optional.get(Optional.java:143)\n\tat ca.mcgill.cranki.controller.TodoItemController.updateTodoStatus(TodoItemController.java:22)\n\tat java.base/jdk.internal.reflect.DirectMethodHandleAccessor.invoke(DirectMethodHandleAccessor.java:103)\n\tat java.base/java.lang.reflect.Method.invoke(Method.java:580)\n\tat org.springframework.web.method.support.InvocableHandlerMethod.doInvoke(InvocableHandlerMethod.java:255)\n\tat org.springframework.web.method.support.InvocableHandlerMethod.invokeForRequest(InvocableHandlerMethod.java:188)\n\tat org.springframework.web.servlet.mvc.method.annotation.ServletInvocableHandlerMethod.invokeAndHandle(ServletInvocableHandlerMethod.java:118)\n\tat org.springframework.web.servlet.mvc.method.annotation.RequestMappingHandlerAdapter.invokeHandlerMethod(RequestMappingHandlerAdapter.java:926)\n\tat org.springframework.web.servlet.mvc.method.annotation.RequestMappingHandlerAdapter.handleInternal(RequestMappingHandlerAdapter.java:831)\n\tat org.springframework.web.servlet.mvc.method.AbstractHandlerMethodAdapter.handle(AbstractHandlerMethodAdapter.java:87)\n\tat org.springframework.web.servlet.DispatcherServlet.doDispatch(DispatcherServlet.java:1089)\n\tat org.springframework.web.servlet.DispatcherServlet.doService(DispatcherServlet.java:979)\n\tat org.springframework.web.servlet.FrameworkServlet.processRequest(FrameworkServlet.java:1014)\n\tat org.springframework.web.servlet.FrameworkServlet.doPut(FrameworkServlet.java:925)\n\tat jakarta.servlet.http.HttpServlet.service(HttpServlet.java:593)\n\tat org.springframework.web.servlet.FrameworkServlet.service(FrameworkServlet.java:885)\n\tat jakarta.servlet.http.HttpServlet.service(HttpServlet.java:658)\n\tat org.apache.catalina.core.ApplicationFilterChain.internalDoFilter(ApplicationFilterChain.java:195)\n\tat org.apache.catalina.core.ApplicationFilterChain.doFilter(ApplicationFilterChain.java:140)\n\tat org.apache.tomcat.websocket.server.WsFilter.doFilter(WsFilter.java:51)\n\tat org.apache.catalina.core.ApplicationFilterChain.internalDoFilter(ApplicationFilterChain.java:164)\n\tat org.apache.catalina.core.ApplicationFilterChain.doFilter(ApplicationFilterChain.java:140)\n\tat org.springframework.web.filter.RequestContextFilter.doFilterInternal(RequestContextFilter.java:100)\n\tat org.springframework.web.filter.OncePerRequestFilter.doFilter(OncePerRequestFilter.java:116)\n\tat org.apache.catalina.core.ApplicationFilterChain.internalDoFilter(ApplicationFilterChain.java:164)\n\tat org.apache.catalina.core.ApplicationFilterChain.doFilter(ApplicationFilterChain.java:140)\n\tat org.springframework.web.filter.FormContentFilter.doFilterInternal(FormContentFilter.java:93)\n\tat org.springframework.web.filter.OncePerRequestFilter.doFilter(OncePerRequestFilter.java:116)\n\tat org.apache.catalina.core.ApplicationFilterChain.internalDoFilter(ApplicationFilterChain.java:164)\n\tat org.apache.catalina.core.ApplicationFilterChain.doFilter(ApplicationFilterChain.java:140)\n\tat org.springframework.web.filter.CharacterEncodingFilter.doFilterInternal(CharacterEncodingFilter.java:201)\n\tat org.springframework.web.filter.OncePerRequestFilter.doFilter(OncePerRequestFilter.java:116)\n\tat org.apache.catalina.core.ApplicationFilterChain.internalDoFilter(ApplicationFilterChain.java:164)\n\tat org.apache.catalina.core.ApplicationFilterChain.doFilter(ApplicationFilterChain.java:140)\n\tat org.apache.catalina.core.StandardWrapperValve.invoke(StandardWrapperValve.java:167)\n\tat org.apache.catalina.core.StandardContextValve.invoke(StandardContextValve.java:90)\n\tat org.apache.catalina.authenticator.AuthenticatorBase.invoke(AuthenticatorBase.java:483)\n\tat org.apache.catalina.core.StandardHostValve.invoke(StandardHostValve.java:115)\n\tat org.apache.catalina.valves.ErrorReportValve.invoke(ErrorReportValve.java:93)\n\tat org.apache.catalina.core.StandardEngineValve.invoke(StandardEngineValve.java:74)\n\tat org.apache.catalina.connector.CoyoteAdapter.service(CoyoteAdapter.java:344)\n\tat org.apache.coyote.http11.Http11Processor.service(Http11Processor.java:384)\n\tat org.apache.coyote.AbstractProcessorLight.process(AbstractProcessorLight.java:63)\n\tat org.apache.coyote.AbstractProtocol$ConnectionHandler.process(AbstractProtocol.java:905)\n\tat org.apache.tomcat.util.net.NioEndpoint$SocketProcessor.doRun(NioEndpoint.java:1741)\n\tat org.apache.tomcat.util.net.SocketProcessorBase.run(SocketProcessorBase.java:52)\n\tat org.apache.tomcat.util.threads.ThreadPoolExecutor.runWorker(ThreadPoolExecutor.java:1190)\n\tat org.apache.tomcat.util.threads.ThreadPoolExecutor$Worker.run(ThreadPoolExecutor.java:659)\n\tat org.apache.tomcat.util.threads.TaskThread$WrappingRunnable.run(TaskThread.java:63)\n\tat java.base/java.lang.Thread.run(Thread.java:1583)\n&quot;,&quot;message&quot;:&quot;No value present&quot;,&quot;path&quot;:&quot;/todoItem/updateStatus&quot;}&quot;
	at app//org.springframework.web.client.HttpServerErrorException.create(HttpServerErrorException.java:102)
	at app//org.springframework.web.client.DefaultResponseErrorHandler.handleError(DefaultResponseErrorHandler.java:186)
	at app//org.springframework.web.client.DefaultResponseErrorHandler.handleError(DefaultResponseErrorHandler.java:137)
	at app//org.springframework.web.client.ResponseErrorHandler.handleError(ResponseErrorHandler.java:63)
	at app//org.springframework.web.client.RestTemplate.handleResponse(RestTemplate.java:942)
	at app//org.springframework.web.client.RestTemplate.doExecute(RestTemplate.java:891)
	at app//org.springframework.web.client.RestTemplate.execute(RestTemplate.java:790)
	at app//org.springframework.web.client.RestTemplate.exchange(RestTemplate.java:672)
	at app//ca.mcgill.cranki.features.markTodoStatusStepDefs.iMarkAsDone(markTodoStatusStepDefs.java:68)
	at ✽.I mark &quot;Buy groceries&quot; as DONE(file:///home/jubiiz/documents/school/ecse428/cranki/backend/cranki/src/test/java/resources/markTodoStatus.feature:22)
</failure>
  </testcase>
  <testcase name="Mark a todo as IN_PROGRESS (Alternate Flow)" classname="ca.mcgill.cranki.features.CucumberTestRunner" time="0.037">
    <failure message="java.lang.AssertionError: expected:&lt;IN_PROGRESS&gt; but was:&lt;DONE&gt;" type="java.lang.AssertionError">java.lang.AssertionError: expected:&lt;IN_PROGRESS&gt; but was:&lt;DONE&gt;
	at ca.mcgill.cranki.features.markTodoStatusStepDefs.theStatusOfShouldBe(markTodoStatusStepDefs.java:78)
	at ✽.the status of &quot;Buy groceries&quot; should be &quot;IN_PROGRESS&quot;(file:///home/jubiiz/documents/school/ecse428/cranki/backend/cranki/src/test/java/resources/markTodoStatus.feature:34)
</failure>
  </testcase>
  <testcase name="Mark multiple todos as IN_PROGRESS (Alternate Flow)" classname="ca.mcgill.cranki.features.CucumberTestRunner" time="0.036">
    <failure message="java.lang.AssertionError: expected:&lt;IN_PROGRESS&gt; but was:&lt;DONE&gt;" type="java.lang.AssertionError">java.lang.AssertionError: expected:&lt;IN_PROGRESS&gt; but was:&lt;DONE&gt;
	at ca.mcgill.cranki.features.markTodoStatusStepDefs.theStatusOfShouldBe(markTodoStatusStepDefs.java:78)
	at ✽.the status of &quot;Buy groceries&quot; should be &quot;IN_PROGRESS&quot;(file:///home/jubiiz/documents/school/ecse428/cranki/backend/cranki/src/test/java/resources/markTodoStatus.feature:45)
</failure>
  </testcase>
  <testcase name="Mark a todo as DONE that is already marked as DONE (Error Flow)" classname="ca.mcgill.cranki.features.CucumberTestRunner" time="0.046">
    <failure message="org.springframework.web.client.HttpServerErrorException$InternalServerError: 500 : &quot;{&quot;timestamp&quot;:&quot;2024-10-26T15:26:44.269+00:00&quot;,&quot;status&quot;:500,&quot;error&quot;:&quot;Internal Server Error&quot;,&quot;trace&quot;:&quot;java.util.NoSuchElementException: No value present\n\tat java.base/java.util.Optional.get(Optional.java:143)\n\tat ca.mcgill.cranki.controller.TodoItemController.updateTodoStatus(TodoItemController.java:22)\n\tat java.base/jdk.internal.reflect.DirectMethodHandleAccessor.invoke(DirectMethodHandleAccessor.java:103)\n\tat java.base/java.lang.reflect.Method.invoke(Method.java:580)\n\tat org.springframework.web.method.support.InvocableHandlerMethod.doInvoke(InvocableHandlerMethod.java:255)\n\tat org.springframework.web.method.support.InvocableHandlerMethod.invokeForRequest(InvocableHandlerMethod.java:188)\n\tat org.springframework.web.servlet.mvc.method.annotation.ServletInvocableHandlerMethod.invokeAndHandle(ServletInvocableHandlerMethod.java:118)\n\tat org.springframework.web.servlet.mvc.method.annotation.RequestMappingHandlerAdapter.invokeHandlerMethod(RequestMappingHandlerAdapter.java:926)\n\tat org.springframework.web.servlet.mvc.method.annotation.RequestMappingHandlerAdapter.handleInternal(RequestMappingHandlerAdapter.java:831)\n\tat org.springframework.web.servlet.mvc.method.AbstractHandlerMethodAdapter.handle(AbstractHandlerMethodAdapter.java:87)\n\tat org.springframework.web.servlet.DispatcherServlet.doDispatch(DispatcherServlet.java:1089)\n\tat org.springframework.web.servlet.DispatcherServlet.doService(DispatcherServlet.java:979)\n\tat org.springframework.web.servlet.FrameworkServlet.processRequest(FrameworkServlet.java:1014)\n\tat org.springframework.web.servlet.FrameworkServlet.doPut(FrameworkServlet.java:925)\n\tat jakarta.servlet.http.HttpServlet.service(HttpServlet.java:593)\n\tat org.springframework.web.servlet.FrameworkServlet.service(FrameworkServlet.java:885)\n\tat jakarta.servlet.http.HttpServlet.service(HttpServlet.java:658)\n\tat org.apache.catalina.core.ApplicationFilterChain.internalDoFilter(ApplicationFilterChain.java:195)\n\tat org.apache.catalina.core.ApplicationFilterChain.doFilter(ApplicationFilterChain.java:140)\n\tat org.apache.tomcat.websocket.server.WsFilter.doFilter(WsFilter.java:51)\n\tat org.apache.catalina.core.ApplicationFilterChain.internalDoFilter(ApplicationFilterChain.java:164)\n\tat org.apache.catalina.core.ApplicationFilterChain.doFilter(ApplicationFilterChain.java:140)\n\tat org.springframework.web.filter.RequestContextFilter.doFilterInternal(RequestContextFilter.java:100)\n\tat org.springframework.web.filter.OncePerRequestFilter.doFilter(OncePerRequestFilter.java:116)\n\tat org.apache.catalina.core.ApplicationFilterChain.internalDoFilter(ApplicationFilterChain.java:164)\n\tat org.apache.catalina.core.ApplicationFilterChain.doFilter(ApplicationFilterChain.java:140)\n\tat org.springframework.web.filter.FormContentFilter.doFilterInternal(FormContentFilter.java:93)\n\tat org.springframework.web.filter.OncePerRequestFilter.doFilter(OncePerRequestFilter.java:116)\n\tat org.apache.catalina.core.ApplicationFilterChain.internalDoFilter(ApplicationFilterChain.java:164)\n\tat org.apache.catalina.core.ApplicationFilterChain.doFilter(ApplicationFilterChain.java:140)\n\tat org.springframework.web.filter.CharacterEncodingFilter.doFilterInternal(CharacterEncodingFilter.java:201)\n\tat org.springframework.web.filter.OncePerRequestFilter.doFilter(OncePerRequestFilter.java:116)\n\tat org.apache.catalina.core.ApplicationFilterChain.internalDoFilter(ApplicationFilterChain.java:164)\n\tat org.apache.catalina.core.ApplicationFilterChain.doFilter(ApplicationFilterChain.java:140)\n\tat org.apache.catalina.core.StandardWrapperValve.invoke(StandardWrapperValve.java:167)\n\tat org.apache.catalina.core.StandardContextValve.invoke(StandardContextValve.java:90)\n\tat org.apache.catalina.authenticator.AuthenticatorBase.invoke(AuthenticatorBase.java:483)\n\tat org.apache.catalina.core.StandardHostValve.invoke(StandardHostValve.java:115)\n\tat org.apache.catalina.valves.ErrorReportValve.invoke(ErrorReportValve.java:93)\n\tat org.apache.catalina.core.StandardEngineValve.invoke(StandardEngineValve.java:74)\n\tat org.apache.catalina.connector.CoyoteAdapter.service(CoyoteAdapter.java:344)\n\tat org.apache.coyote.http11.Http11Processor.service(Http11Processor.java:384)\n\tat org.apache.coyote.AbstractProcessorLight.process(AbstractProcessorLight.java:63)\n\tat org.apache.coyote.AbstractProtocol$ConnectionHandler.process(AbstractProtocol.java:905)\n\tat org.apache.tomcat.util.net.NioEndpoint$SocketProcessor.doRun(NioEndpoint.java:1741)\n\tat org.apache.tomcat.util.net.SocketProcessorBase.run(SocketProcessorBase.java:52)\n\tat org.apache.tomcat.util.threads.ThreadPoolExecutor.runWorker(ThreadPoolExecutor.java:1190)\n\tat org.apache.tomcat.util.threads.ThreadPoolExecutor$Worker.run(ThreadPoolExecutor.java:659)\n\tat org.apache.tomcat.util.threads.TaskThread$WrappingRunnable.run(TaskThread.java:63)\n\tat java.base/java.lang.Thread.run(Thread.java:1583)\n&quot;,&quot;message&quot;:&quot;No value present&quot;,&quot;path&quot;:&quot;/todoItem/updateStatus&quot;}&quot;" type="org.springframework.web.client.HttpServerErrorException$InternalServerError">org.springframework.web.client.HttpServerErrorException$InternalServerError: 500 : &quot;{&quot;timestamp&quot;:&quot;2024-10-26T15:26:44.269+00:00&quot;,&quot;status&quot;:500,&quot;error&quot;:&quot;Internal Server Error&quot;,&quot;trace&quot;:&quot;java.util.NoSuchElementException: No value present\n\tat java.base/java.util.Optional.get(Optional.java:143)\n\tat ca.mcgill.cranki.controller.TodoItemController.updateTodoStatus(TodoItemController.java:22)\n\tat java.base/jdk.internal.reflect.DirectMethodHandleAccessor.invoke(DirectMethodHandleAccessor.java:103)\n\tat java.base/java.lang.reflect.Method.invoke(Method.java:580)\n\tat org.springframework.web.method.support.InvocableHandlerMethod.doInvoke(InvocableHandlerMethod.java:255)\n\tat org.springframework.web.method.support.InvocableHandlerMethod.invokeForRequest(InvocableHandlerMethod.java:188)\n\tat org.springframework.web.servlet.mvc.method.annotation.ServletInvocableHandlerMethod.invokeAndHandle(ServletInvocableHandlerMethod.java:118)\n\tat org.springframework.web.servlet.mvc.method.annotation.RequestMappingHandlerAdapter.invokeHandlerMethod(RequestMappingHandlerAdapter.java:926)\n\tat org.springframework.web.servlet.mvc.method.annotation.RequestMappingHandlerAdapter.handleInternal(RequestMappingHandlerAdapter.java:831)\n\tat org.springframework.web.servlet.mvc.method.AbstractHandlerMethodAdapter.handle(AbstractHandlerMethodAdapter.java:87)\n\tat org.springframework.web.servlet.DispatcherServlet.doDispatch(DispatcherServlet.java:1089)\n\tat org.springframework.web.servlet.DispatcherServlet.doService(DispatcherServlet.java:979)\n\tat org.springframework.web.servlet.FrameworkServlet.processRequest(FrameworkServlet.java:1014)\n\tat org.springframework.web.servlet.FrameworkServlet.doPut(FrameworkServlet.java:925)\n\tat jakarta.servlet.http.HttpServlet.service(HttpServlet.java:593)\n\tat org.springframework.web.servlet.FrameworkServlet.service(FrameworkServlet.java:885)\n\tat jakarta.servlet.http.HttpServlet.service(HttpServlet.java:658)\n\tat org.apache.catalina.core.ApplicationFilterChain.internalDoFilter(ApplicationFilterChain.java:195)\n\tat org.apache.catalina.core.ApplicationFilterChain.doFilter(ApplicationFilterChain.java:140)\n\tat org.apache.tomcat.websocket.server.WsFilter.doFilter(WsFilter.java:51)\n\tat org.apache.catalina.core.ApplicationFilterChain.internalDoFilter(ApplicationFilterChain.java:164)\n\tat org.apache.catalina.core.ApplicationFilterChain.doFilter(ApplicationFilterChain.java:140)\n\tat org.springframework.web.filter.RequestContextFilter.doFilterInternal(RequestContextFilter.java:100)\n\tat org.springframework.web.filter.OncePerRequestFilter.doFilter(OncePerRequestFilter.java:116)\n\tat org.apache.catalina.core.ApplicationFilterChain.internalDoFilter(ApplicationFilterChain.java:164)\n\tat org.apache.catalina.core.ApplicationFilterChain.doFilter(ApplicationFilterChain.java:140)\n\tat org.springframework.web.filter.FormContentFilter.doFilterInternal(FormContentFilter.java:93)\n\tat org.springframework.web.filter.OncePerRequestFilter.doFilter(OncePerRequestFilter.java:116)\n\tat org.apache.catalina.core.ApplicationFilterChain.internalDoFilter(ApplicationFilterChain.java:164)\n\tat org.apache.catalina.core.ApplicationFilterChain.doFilter(ApplicationFilterChain.java:140)\n\tat org.springframework.web.filter.CharacterEncodingFilter.doFilterInternal(CharacterEncodingFilter.java:201)\n\tat org.springframework.web.filter.OncePerRequestFilter.doFilter(OncePerRequestFilter.java:116)\n\tat org.apache.catalina.core.ApplicationFilterChain.internalDoFilter(ApplicationFilterChain.java:164)\n\tat org.apache.catalina.core.ApplicationFilterChain.doFilter(ApplicationFilterChain.java:140)\n\tat org.apache.catalina.core.StandardWrapperValve.invoke(StandardWrapperValve.java:167)\n\tat org.apache.catalina.core.StandardContextValve.invoke(StandardContextValve.java:90)\n\tat org.apache.catalina.authenticator.AuthenticatorBase.invoke(AuthenticatorBase.java:483)\n\tat org.apache.catalina.core.StandardHostValve.invoke(StandardHostValve.java:115)\n\tat org.apache.catalina.valves.ErrorReportValve.invoke(ErrorReportValve.java:93)\n\tat org.apache.catalina.core.StandardEngineValve.invoke(StandardEngineValve.java:74)\n\tat org.apache.catalina.connector.CoyoteAdapter.service(CoyoteAdapter.java:344)\n\tat org.apache.coyote.http11.Http11Processor.service(Http11Processor.java:384)\n\tat org.apache.coyote.AbstractProcessorLight.process(AbstractProcessorLight.java:63)\n\tat org.apache.coyote.AbstractProtocol$ConnectionHandler.process(AbstractProtocol.java:905)\n\tat org.apache.tomcat.util.net.NioEndpoint$SocketProcessor.doRun(NioEndpoint.java:1741)\n\tat org.apache.tomcat.util.net.SocketProcessorBase.run(SocketProcessorBase.java:52)\n\tat org.apache.tomcat.util.threads.ThreadPoolExecutor.runWorker(ThreadPoolExecutor.java:1190)\n\tat org.apache.tomcat.util.threads.ThreadPoolExecutor$Worker.run(ThreadPoolExecutor.java:659)\n\tat org.apache.tomcat.util.threads.TaskThread$WrappingRunnable.run(TaskThread.java:63)\n\tat java.base/java.lang.Thread.run(Thread.java:1583)\n&quot;,&quot;message&quot;:&quot;No value present&quot;,&quot;path&quot;:&quot;/todoItem/updateStatus&quot;}&quot;
	at app//org.springframework.web.client.HttpServerErrorException.create(HttpServerErrorException.java:102)
	at app//org.springframework.web.client.DefaultResponseErrorHandler.handleError(DefaultResponseErrorHandler.java:186)
	at app//org.springframework.web.client.DefaultResponseErrorHandler.handleError(DefaultResponseErrorHandler.java:137)
	at app//org.springframework.web.client.ResponseErrorHandler.handleError(ResponseErrorHandler.java:63)
	at app//org.springframework.web.client.RestTemplate.handleResponse(RestTemplate.java:942)
	at app//org.springframework.web.client.RestTemplate.doExecute(RestTemplate.java:891)
	at app//org.springframework.web.client.RestTemplate.execute(RestTemplate.java:790)
	at app//org.springframework.web.client.RestTemplate.exchange(RestTemplate.java:672)
	at app//ca.mcgill.cranki.features.markTodoStatusStepDefs.iMarkAsDone(markTodoStatusStepDefs.java:68)
	at ✽.I mark &quot;Buy groceries&quot; as DONE(file:///home/jubiiz/documents/school/ecse428/cranki/backend/cranki/src/test/java/resources/markTodoStatus.feature:55)
</failure>
  </testcase>
  <testcase name="Mark a todo as IN_PROGRESS that is already marked as IN_PROGRESS (Error Flow)" classname="ca.mcgill.cranki.features.CucumberTestRunner" time="0.034"/>
  <testcase name="Attempt to mark a todo as DONE that does not exist" classname="ca.mcgill.cranki.features.CucumberTestRunner" time="0.032">
    <failure message="java.lang.NullPointerException: Cannot invoke &quot;ca.mcgill.cranki.model.TodoItem.getStatus()&quot; because the return value of &quot;ca.mcgill.cranki.repository.TodoItemRepository.getByName(String)&quot; is null" type="java.lang.NullPointerException">java.lang.NullPointerException: Cannot invoke &quot;ca.mcgill.cranki.model.TodoItem.getStatus()&quot; because the return value of &quot;ca.mcgill.cranki.repository.TodoItemRepository.getByName(String)&quot; is null
	at ca.mcgill.cranki.features.markTodoStatusStepDefs.iMarkAsDone(markTodoStatusStepDefs.java:67)
	at ✽.I mark &quot;Go to class&quot; as DONE(file:///home/jubiiz/documents/school/ecse428/cranki/backend/cranki/src/test/java/resources/markTodoStatus.feature:75)
</failure>
  </testcase>
  <testcase name="Create a First Todo (Normal Flow) #1" classname="ca.mcgill.cranki.features.CucumberTestRunner" time="0.019"/>
  <testcase name="Create a First Todo (Normal Flow) #2" classname="ca.mcgill.cranki.features.CucumberTestRunner" time="0.011"/>
  <system-out><![CDATA[
  .   ____          _            __ _ _
 /\\ / ___'_ __ _ _(_)_ __  __ _ \ \ \ \
( ( )\___ | '_ | '_| | '_ \/ _` | \ \ \ \
 \\/  ___)| |_)| | | | | || (_| |  ) ) ) )
  '  |____| .__|_| |_|_| |_\__, | / / / /
 =========|_|==============|___/=/_/_/_/

 :: Spring Boot ::                (v3.3.5)

2024-10-26T11:26:41.448-04:00  INFO 27473 --- [cranki] [    Test worker] c.m.c.f.CucumberSpringConfiguration      : Starting CucumberSpringConfiguration using Java 21.0.4 with PID 27473 (started by jubiiz in /home/jubiiz/documents/school/ecse428/cranki/backend/cranki)
2024-10-26T11:26:41.449-04:00  INFO 27473 --- [cranki] [    Test worker] c.m.c.f.CucumberSpringConfiguration      : The following 1 profile is active: "test"
2024-10-26T11:26:41.752-04:00  INFO 27473 --- [cranki] [    Test worker] .s.d.r.c.RepositoryConfigurationDelegate : Bootstrapping Spring Data JPA repositories in DEFAULT mode.
2024-10-26T11:26:41.777-04:00  INFO 27473 --- [cranki] [    Test worker] .s.d.r.c.RepositoryConfigurationDelegate : Finished Spring Data repository scanning in 21 ms. Found 2 JPA repository interfaces.
2024-10-26T11:26:41.979-04:00  INFO 27473 --- [cranki] [    Test worker] o.hibernate.jpa.internal.util.LogHelper  : HHH000204: Processing PersistenceUnitInfo [name: default]
2024-10-26T11:26:42.003-04:00  INFO 27473 --- [cranki] [    Test worker] org.hibernate.Version                    : HHH000412: Hibernate ORM core version 6.5.3.Final
2024-10-26T11:26:42.018-04:00  INFO 27473 --- [cranki] [    Test worker] o.h.c.internal.RegionFactoryInitiator    : HHH000026: Second-level cache disabled
2024-10-26T11:26:42.162-04:00  INFO 27473 --- [cranki] [    Test worker] o.s.o.j.p.SpringPersistenceUnitInfo      : No LoadTimeWeaver setup: ignoring JPA class transformer
2024-10-26T11:26:42.176-04:00  INFO 27473 --- [cranki] [    Test worker] com.zaxxer.hikari.HikariDataSource       : HikariPool-1 - Starting...
2024-10-26T11:26:42.372-04:00  INFO 27473 --- [cranki] [    Test worker] com.zaxxer.hikari.pool.HikariPool        : HikariPool-1 - Added connection com.mysql.cj.jdbc.ConnectionImpl@30a62a5b
2024-10-26T11:26:42.373-04:00  INFO 27473 --- [cranki] [    Test worker] com.zaxxer.hikari.HikariDataSource       : HikariPool-1 - Start completed.
2024-10-26T11:26:42.399-04:00  WARN 27473 --- [cranki] [    Test worker] org.hibernate.orm.deprecation            : HHH90000025: MySQLDialect does not need to be specified explicitly using 'hibernate.dialect' (remove the property setting and it will be selected by default)
2024-10-26T11:26:42.828-04:00  INFO 27473 --- [cranki] [    Test worker] o.h.e.t.j.p.i.JtaPlatformInitiator       : HHH000489: No JTA platform available (set 'hibernate.transaction.jta.platform' to enable JTA platform integration)
Hibernate: alter table todo_item drop foreign key FKteq2m3pydjyfajp6msycpeac3
Hibernate: drop table if exists todo_item
Hibernate: drop table if exists todo_list
Hibernate: create table todo_item (id integer not null auto_increment, status tinyint check (status between 0 and 2), todo_list_id integer, description varchar(255), name varchar(255), primary key (id)) engine=InnoDB
Hibernate: create table todo_list (id integer not null auto_increment, name varchar(255) not null, primary key (id)) engine=InnoDB
Hibernate: alter table todo_item add constraint FKteq2m3pydjyfajp6msycpeac3 foreign key (todo_list_id) references todo_list (id)
2024-10-26T11:26:42.992-04:00  INFO 27473 --- [cranki] [    Test worker] j.LocalContainerEntityManagerFactoryBean : Initialized JPA EntityManagerFactory for persistence unit 'default'
2024-10-26T11:26:43.201-04:00  WARN 27473 --- [cranki] [    Test worker] JpaBaseConfiguration$JpaWebConfiguration : spring.jpa.open-in-view is enabled by default. Therefore, database queries may be performed during view rendering. Explicitly configure spring.jpa.open-in-view to disable this warning
2024-10-26T11:26:43.373-04:00  INFO 27473 --- [cranki] [    Test worker] c.m.c.f.CucumberSpringConfiguration      : Started CucumberSpringConfiguration in 2.047 seconds (process running for 2.706)

Scenario: Mark a todo as DONE (Normal Flow)             ?[90m# src/test/java/resources/markTodoStatus.feature:7?[0m
Hibernate: select ti1_0.id,ti1_0.description,ti1_0.name,ti1_0.status,ti1_0.todo_list_id from todo_item ti1_0
Hibernate: insert into todo_item (description,name,status,todo_list_id) values (?,?,?,?)
Hibernate: insert into todo_item (description,name,status,todo_list_id) values (?,?,?,?)
Hibernate: select count(*) from todo_item ti1_0
SIZE SIZE SIZE: 2
  ?[32mGiven ?[0m?[32mI have the following todos in my todo list:?[0m     ?[90m# ca.mcgill.cranki.features.markTodoStatusStepDefs.iHaveTheFollowingTodosInMyTodoList(io.cucumber.datatable.DataTable)?[0m
    | Todo Name     | Status      |
    | Buy groceries | IN_PROGRESS |
    | ECSE428 hw    | IN_PROGRESS |
Hibernate: select ti1_0.id,ti1_0.description,ti1_0.name,ti1_0.status,ti1_0.todo_list_id from todo_item ti1_0 where ti1_0.name=?
Hibernate: select ti1_0.id,ti1_0.description,ti1_0.name,ti1_0.status,ti1_0.todo_list_id from todo_item ti1_0 where ti1_0.name=?
BEFORE BFORE BFORE: IN_PROGRESS
  ?[31mWhen ?[0m?[31mI mark ?[0m?[31m?[1m"Buy groceries"?[0m?[31m as DONE?[0m                   ?[90m# ca.mcgill.cranki.features.markTodoStatusStepDefs.iMarkAsDone(java.lang.String)?[0m
      ?[31morg.springframework.web.client.HttpServerErrorException$InternalServerError: 500 : "{"timestamp":"2024-10-26T15:26:44.053+00:00","status":500,"error":"Internal Server Error","trace":"java.util.NoSuchElementException: No value present\n\tat java.base/java.util.Optional.get(Optional.java:143)\n\tat ca.mcgill.cranki.controller.TodoItemController.updateTodoStatus(TodoItemController.java:22)\n\tat java.base/jdk.internal.reflect.DirectMethodHandleAccessor.invoke(DirectMethodHandleAccessor.java:103)\n\tat java.base/java.lang.reflect.Method.invoke(Method.java:580)\n\tat org.springframework.web.method.support.InvocableHandlerMethod.doInvoke(InvocableHandlerMethod.java:255)\n\tat org.springframework.web.method.support.InvocableHandlerMethod.invokeForRequest(InvocableHandlerMethod.java:188)\n\tat org.springframework.web.servlet.mvc.method.annotation.ServletInvocableHandlerMethod.invokeAndHandle(ServletInvocableHandlerMethod.java:118)\n\tat org.springframework.web.servlet.mvc.method.annotation.RequestMappingHandlerAdapter.invokeHandlerMethod(RequestMappingHandlerAdapter.java:926)\n\tat org.springframework.web.servlet.mvc.method.annotation.RequestMappingHandlerAdapter.handleInternal(RequestMappingHandlerAdapter.java:831)\n\tat org.springframework.web.servlet.mvc.method.AbstractHandlerMethodAdapter.handle(AbstractHandlerMethodAdapter.java:87)\n\tat org.springframework.web.servlet.DispatcherServlet.doDispatch(DispatcherServlet.java:1089)\n\tat org.springframework.web.servlet.DispatcherServlet.doService(DispatcherServlet.java:979)\n\tat org.springframework.web.servlet.FrameworkServlet.processRequest(FrameworkServlet.java:1014)\n\tat org.springframework.web.servlet.FrameworkServlet.doPut(FrameworkServlet.java:925)\n\tat jakarta.servlet.http.HttpServlet.service(HttpServlet.java:593)\n\tat org.springframework.web.servlet.FrameworkServlet.service(FrameworkServlet.java:885)\n\tat jakarta.servlet.http.HttpServlet.service(HttpServlet.java:658)\n\tat org.apache.catalina.core.ApplicationFilterChain.internalDoFilter(ApplicationFilterChain.java:195)\n\tat org.apache.catalina.core.ApplicationFilterChain.doFilter(ApplicationFilterChain.java:140)\n\tat org.apache.tomcat.websocket.server.WsFilter.doFilter(WsFilter.java:51)\n\tat org.apache.catalina.core.ApplicationFilterChain.internalDoFilter(ApplicationFilterChain.java:164)\n\tat org.apache.catalina.core.ApplicationFilterChain.doFilter(ApplicationFilterChain.java:140)\n\tat org.springframework.web.filter.RequestContextFilter.doFilterInternal(RequestContextFilter.java:100)\n\tat org.springframework.web.filter.OncePerRequestFilter.doFilter(OncePerRequestFilter.java:116)\n\tat org.apache.catalina.core.ApplicationFilterChain.internalDoFilter(ApplicationFilterChain.java:164)\n\tat org.apache.catalina.core.ApplicationFilterChain.doFilter(ApplicationFilterChain.java:140)\n\tat org.springframework.web.filter.FormContentFilter.doFilterInternal(FormContentFilter.java:93)\n\tat org.springframework.web.filter.OncePerRequestFilter.doFilter(OncePerRequestFilter.java:116)\n\tat org.apache.catalina.core.ApplicationFilterChain.internalDoFilter(ApplicationFilterChain.java:164)\n\tat org.apache.catalina.core.ApplicationFilterChain.doFilter(ApplicationFilterChain.java:140)\n\tat org.springframework.web.filter.CharacterEncodingFilter.doFilterInternal(CharacterEncodingFilter.java:201)\n\tat org.springframework.web.filter.OncePerRequestFilter.doFilter(OncePerRequestFilter.java:116)\n\tat org.apache.catalina.core.ApplicationFilterChain.internalDoFilter(ApplicationFilterChain.java:164)\n\tat org.apache.catalina.core.ApplicationFilterChain.doFilter(ApplicationFilterChain.java:140)\n\tat org.apache.catalina.core.StandardWrapperValve.invoke(StandardWrapperValve.java:167)\n\tat org.apache.catalina.core.StandardContextValve.invoke(StandardContextValve.java:90)\n\tat org.apache.catalina.authenticator.AuthenticatorBase.invoke(AuthenticatorBase.java:483)\n\tat org.apache.catalina.core.StandardHostValve.invoke(StandardHostValve.java:115)\n\tat org.apache.catalina.valves.ErrorReportValve.invoke(ErrorReportValve.java:93)\n\tat org.apache.catalina.core.StandardEngineValve.invoke(StandardEngineValve.java:74)\n\tat org.apache.catalina.connector.CoyoteAdapter.service(CoyoteAdapter.java:344)\n\tat org.apache.coyote.http11.Http11Processor.service(Http11Processor.java:384)\n\tat org.apache.coyote.AbstractProcessorLight.process(AbstractProcessorLight.java:63)\n\tat org.apache.coyote.AbstractProtocol$ConnectionHandler.process(AbstractProtocol.java:905)\n\tat org.apache.tomcat.util.net.NioEndpoint$SocketProcessor.doRun(NioEndpoint.java:1741)\n\tat org.apache.tomcat.util.net.SocketProcessorBase.run(SocketProcessorBase.java:52)\n\tat org.apache.tomcat.util.threads.ThreadPoolExecutor.runWorker(ThreadPoolExecutor.java:1190)\n\tat org.apache.tomcat.util.threads.ThreadPoolExecutor$Worker.run(ThreadPoolExecutor.java:659)\n\tat org.apache.tomcat.util.threads.TaskThread$WrappingRunnable.run(TaskThread.java:63)\n\tat java.base/java.lang.Thread.run(Thread.java:1583)\n","message":"No value present","path":"/todoItem/updateStatus"}"
	at org.springframework.web.client.HttpServerErrorException.create(HttpServerErrorException.java:102)
	at org.springframework.web.client.DefaultResponseErrorHandler.handleError(DefaultResponseErrorHandler.java:186)
	at org.springframework.web.client.DefaultResponseErrorHandler.handleError(DefaultResponseErrorHandler.java:137)
	at org.springframework.web.client.ResponseErrorHandler.handleError(ResponseErrorHandler.java:63)
	at org.springframework.web.client.RestTemplate.handleResponse(RestTemplate.java:942)
	at org.springframework.web.client.RestTemplate.doExecute(RestTemplate.java:891)
	at org.springframework.web.client.RestTemplate.execute(RestTemplate.java:790)
	at org.springframework.web.client.RestTemplate.exchange(RestTemplate.java:672)
	at ca.mcgill.cranki.features.markTodoStatusStepDefs.iMarkAsDone(markTodoStatusStepDefs.java:68)
	at ✽.I mark "Buy groceries" as DONE(file:///home/jubiiz/documents/school/ecse428/cranki/backend/cranki/src/test/java/resources/markTodoStatus.feature:12)
?[0m
  ?[36mThen ?[0m?[36mthe status of ?[0m?[36m?[1m"Buy groceries"?[0m?[36m should be ?[0m?[36m?[1m"DONE"?[0m   ?[90m# ca.mcgill.cranki.features.markTodoStatusStepDefs.theStatusOfShouldBe(java.lang.String,java.lang.String)?[0m
  ?[36mAnd ?[0m?[36mthe tatus of ?[0m?[36m?[1m"ECSE428 hw"?[0m?[36m should be ?[0m?[36m?[1m"IN_PROGRESS"?[0m ?[90m# ca.mcgill.cranki.features.markTodoStatusStepDefs.theTatusOfShouldBe(java.lang.String,java.lang.String)?[0m

Scenario: Mark multiple todos as DONE (Alternate Flow)        ?[90m# src/test/java/resources/markTodoStatus.feature:16?[0m
Hibernate: select ti1_0.id,ti1_0.description,ti1_0.name,ti1_0.status,ti1_0.todo_list_id from todo_item ti1_0
Hibernate: delete from todo_item where id=?
Hibernate: delete from todo_item where id=?
Hibernate: insert into todo_item (description,name,status,todo_list_id) values (?,?,?,?)
Hibernate: insert into todo_item (description,name,status,todo_list_id) values (?,?,?,?)
Hibernate: insert into todo_item (description,name,status,todo_list_id) values (?,?,?,?)
Hibernate: select count(*) from todo_item ti1_0
SIZE SIZE SIZE: 3
  ?[32mGiven ?[0m?[32mI have the following todos in my todo list:?[0m           ?[90m# ca.mcgill.cranki.features.markTodoStatusStepDefs.iHaveTheFollowingTodosInMyTodoList(io.cucumber.datatable.DataTable)?[0m
    | Todo Name       | Status      |
    | Buy groceries   | IN_PROGRESS |
    | ECSE428 hw      | IN_PROGRESS |
    | Check MyCourses | IN_PROGRESS |
Hibernate: select ti1_0.id,ti1_0.description,ti1_0.name,ti1_0.status,ti1_0.todo_list_id from todo_item ti1_0 where ti1_0.name=?
Hibernate: select ti1_0.id,ti1_0.description,ti1_0.name,ti1_0.status,ti1_0.todo_list_id from todo_item ti1_0 where ti1_0.name=?
BEFORE BFORE BFORE: IN_PROGRESS
  ?[31mWhen ?[0m?[31mI mark ?[0m?[31m?[1m"Buy groceries"?[0m?[31m as DONE?[0m                         ?[90m# ca.mcgill.cranki.features.markTodoStatusStepDefs.iMarkAsDone(java.lang.String)?[0m
      ?[31morg.springframework.web.client.HttpServerErrorException$InternalServerError: 500 : "{"timestamp":"2024-10-26T15:26:44.147+00:00","status":500,"error":"Internal Server Error","trace":"java.util.NoSuchElementException: No value present\n\tat java.base/java.util.Optional.get(Optional.java:143)\n\tat ca.mcgill.cranki.controller.TodoItemController.updateTodoStatus(TodoItemController.java:22)\n\tat java.base/jdk.internal.reflect.DirectMethodHandleAccessor.invoke(DirectMethodHandleAccessor.java:103)\n\tat java.base/java.lang.reflect.Method.invoke(Method.java:580)\n\tat org.springframework.web.method.support.InvocableHandlerMethod.doInvoke(InvocableHandlerMethod.java:255)\n\tat org.springframework.web.method.support.InvocableHandlerMethod.invokeForRequest(InvocableHandlerMethod.java:188)\n\tat org.springframework.web.servlet.mvc.method.annotation.ServletInvocableHandlerMethod.invokeAndHandle(ServletInvocableHandlerMethod.java:118)\n\tat org.springframework.web.servlet.mvc.method.annotation.RequestMappingHandlerAdapter.invokeHandlerMethod(RequestMappingHandlerAdapter.java:926)\n\tat org.springframework.web.servlet.mvc.method.annotation.RequestMappingHandlerAdapter.handleInternal(RequestMappingHandlerAdapter.java:831)\n\tat org.springframework.web.servlet.mvc.method.AbstractHandlerMethodAdapter.handle(AbstractHandlerMethodAdapter.java:87)\n\tat org.springframework.web.servlet.DispatcherServlet.doDispatch(DispatcherServlet.java:1089)\n\tat org.springframework.web.servlet.DispatcherServlet.doService(DispatcherServlet.java:979)\n\tat org.springframework.web.servlet.FrameworkServlet.processRequest(FrameworkServlet.java:1014)\n\tat org.springframework.web.servlet.FrameworkServlet.doPut(FrameworkServlet.java:925)\n\tat jakarta.servlet.http.HttpServlet.service(HttpServlet.java:593)\n\tat org.springframework.web.servlet.FrameworkServlet.service(FrameworkServlet.java:885)\n\tat jakarta.servlet.http.HttpServlet.service(HttpServlet.java:658)\n\tat org.apache.catalina.core.ApplicationFilterChain.internalDoFilter(ApplicationFilterChain.java:195)\n\tat org.apache.catalina.core.ApplicationFilterChain.doFilter(ApplicationFilterChain.java:140)\n\tat org.apache.tomcat.websocket.server.WsFilter.doFilter(WsFilter.java:51)\n\tat org.apache.catalina.core.ApplicationFilterChain.internalDoFilter(ApplicationFilterChain.java:164)\n\tat org.apache.catalina.core.ApplicationFilterChain.doFilter(ApplicationFilterChain.java:140)\n\tat org.springframework.web.filter.RequestContextFilter.doFilterInternal(RequestContextFilter.java:100)\n\tat org.springframework.web.filter.OncePerRequestFilter.doFilter(OncePerRequestFilter.java:116)\n\tat org.apache.catalina.core.ApplicationFilterChain.internalDoFilter(ApplicationFilterChain.java:164)\n\tat org.apache.catalina.core.ApplicationFilterChain.doFilter(ApplicationFilterChain.java:140)\n\tat org.springframework.web.filter.FormContentFilter.doFilterInternal(FormContentFilter.java:93)\n\tat org.springframework.web.filter.OncePerRequestFilter.doFilter(OncePerRequestFilter.java:116)\n\tat org.apache.catalina.core.ApplicationFilterChain.internalDoFilter(ApplicationFilterChain.java:164)\n\tat org.apache.catalina.core.ApplicationFilterChain.doFilter(ApplicationFilterChain.java:140)\n\tat org.springframework.web.filter.CharacterEncodingFilter.doFilterInternal(CharacterEncodingFilter.java:201)\n\tat org.springframework.web.filter.OncePerRequestFilter.doFilter(OncePerRequestFilter.java:116)\n\tat org.apache.catalina.core.ApplicationFilterChain.internalDoFilter(ApplicationFilterChain.java:164)\n\tat org.apache.catalina.core.ApplicationFilterChain.doFilter(ApplicationFilterChain.java:140)\n\tat org.apache.catalina.core.StandardWrapperValve.invoke(StandardWrapperValve.java:167)\n\tat org.apache.catalina.core.StandardContextValve.invoke(StandardContextValve.java:90)\n\tat org.apache.catalina.authenticator.AuthenticatorBase.invoke(AuthenticatorBase.java:483)\n\tat org.apache.catalina.core.StandardHostValve.invoke(StandardHostValve.java:115)\n\tat org.apache.catalina.valves.ErrorReportValve.invoke(ErrorReportValve.java:93)\n\tat org.apache.catalina.core.StandardEngineValve.invoke(StandardEngineValve.java:74)\n\tat org.apache.catalina.connector.CoyoteAdapter.service(CoyoteAdapter.java:344)\n\tat org.apache.coyote.http11.Http11Processor.service(Http11Processor.java:384)\n\tat org.apache.coyote.AbstractProcessorLight.process(AbstractProcessorLight.java:63)\n\tat org.apache.coyote.AbstractProtocol$ConnectionHandler.process(AbstractProtocol.java:905)\n\tat org.apache.tomcat.util.net.NioEndpoint$SocketProcessor.doRun(NioEndpoint.java:1741)\n\tat org.apache.tomcat.util.net.SocketProcessorBase.run(SocketProcessorBase.java:52)\n\tat org.apache.tomcat.util.threads.ThreadPoolExecutor.runWorker(ThreadPoolExecutor.java:1190)\n\tat org.apache.tomcat.util.threads.ThreadPoolExecutor$Worker.run(ThreadPoolExecutor.java:659)\n\tat org.apache.tomcat.util.threads.TaskThread$WrappingRunnable.run(TaskThread.java:63)\n\tat java.base/java.lang.Thread.run(Thread.java:1583)\n","message":"No value present","path":"/todoItem/updateStatus"}"
	at org.springframework.web.client.HttpServerErrorException.create(HttpServerErrorException.java:102)
	at org.springframework.web.client.DefaultResponseErrorHandler.handleError(DefaultResponseErrorHandler.java:186)
	at org.springframework.web.client.DefaultResponseErrorHandler.handleError(DefaultResponseErrorHandler.java:137)
	at org.springframework.web.client.ResponseErrorHandler.handleError(ResponseErrorHandler.java:63)
	at org.springframework.web.client.RestTemplate.handleResponse(RestTemplate.java:942)
	at org.springframework.web.client.RestTemplate.doExecute(RestTemplate.java:891)
	at org.springframework.web.client.RestTemplate.execute(RestTemplate.java:790)
	at org.springframework.web.client.RestTemplate.exchange(RestTemplate.java:672)
	at ca.mcgill.cranki.features.markTodoStatusStepDefs.iMarkAsDone(markTodoStatusStepDefs.java:68)
	at ✽.I mark "Buy groceries" as DONE(file:///home/jubiiz/documents/school/ecse428/cranki/backend/cranki/src/test/java/resources/markTodoStatus.feature:22)
?[0m
  ?[36mAnd ?[0m?[36mI mark ?[0m?[36m?[1m"ECSE428 hw"?[0m?[36m as DONE?[0m                             ?[90m# ca.mcgill.cranki.features.markTodoStatusStepDefs.iMarkAsDone(java.lang.String)?[0m
  ?[36mThen ?[0m?[36mthe status of ?[0m?[36m?[1m"Buy groceries"?[0m?[36m should be ?[0m?[36m?[1m"DONE"?[0m         ?[90m# ca.mcgill.cranki.features.markTodoStatusStepDefs.theStatusOfShouldBe(java.lang.String,java.lang.String)?[0m
  ?[36mAnd ?[0m?[36mthe status of ?[0m?[36m?[1m"ECSE428 hw"?[0m?[36m should be ?[0m?[36m?[1m"DONE"?[0m             ?[90m# ca.mcgill.cranki.features.markTodoStatusStepDefs.theStatusOfShouldBe(java.lang.String,java.lang.String)?[0m
  ?[36mAnd ?[0m?[36mthe status of ?[0m?[36m?[1m"Check MyCourses"?[0m?[36m should be ?[0m?[36m?[1m"IN_PROGRESS"?[0m ?[90m# ca.mcgill.cranki.features.markTodoStatusStepDefs.theStatusOfShouldBe(java.lang.String,java.lang.String)?[0m

Scenario: Mark a todo as IN_PROGRESS (Alternate Flow)        ?[90m# src/test/java/resources/markTodoStatus.feature:28?[0m
Hibernate: select ti1_0.id,ti1_0.description,ti1_0.name,ti1_0.status,ti1_0.todo_list_id from todo_item ti1_0
Hibernate: delete from todo_item where id=?
Hibernate: delete from todo_item where id=?
Hibernate: delete from todo_item where id=?
Hibernate: insert into todo_item (description,name,status,todo_list_id) values (?,?,?,?)
Hibernate: insert into todo_item (description,name,status,todo_list_id) values (?,?,?,?)
Hibernate: select count(*) from todo_item ti1_0
SIZE SIZE SIZE: 2
  ?[32mGiven ?[0m?[32mI have the following todos in my todo list:?[0m          ?[90m# ca.mcgill.cranki.features.markTodoStatusStepDefs.iHaveTheFollowingTodosInMyTodoList(io.cucumber.datatable.DataTable)?[0m
    | Todo Name     | Status |
    | Buy groceries | DONE   |
    | ECSE428 hw    | DONE   |
  ?[32mWhen ?[0m?[32mI mark ?[0m?[32m?[1m"Buy groceries"?[0m?[32m as IN_PROGRESS?[0m                 ?[90m# ca.mcgill.cranki.features.markTodoStatusStepDefs.iMarkAsInProgress(java.lang.String)?[0m
Hibernate: select ti1_0.id,ti1_0.description,ti1_0.name,ti1_0.status,ti1_0.todo_list_id from todo_item ti1_0 where ti1_0.name=?
  ?[31mThen ?[0m?[31mthe status of ?[0m?[31m?[1m"Buy groceries"?[0m?[31m should be ?[0m?[31m?[1m"IN_PROGRESS"?[0m ?[90m# ca.mcgill.cranki.features.markTodoStatusStepDefs.theStatusOfShouldBe(java.lang.String,java.lang.String)?[0m
      ?[31mjava.lang.AssertionError: expected:<IN_PROGRESS> but was:<DONE>
	at org.junit.Assert.fail(Assert.java:89)
	at org.junit.Assert.failNotEquals(Assert.java:835)
	at org.junit.Assert.assertEquals(Assert.java:120)
	at org.junit.Assert.assertEquals(Assert.java:146)
	at ca.mcgill.cranki.features.markTodoStatusStepDefs.theStatusOfShouldBe(markTodoStatusStepDefs.java:78)
	at ✽.the status of "Buy groceries" should be "IN_PROGRESS"(file:///home/jubiiz/documents/school/ecse428/cranki/backend/cranki/src/test/java/resources/markTodoStatus.feature:34)
?[0m
  ?[36mAnd ?[0m?[36mthe status of ?[0m?[36m?[1m"ECSE428 hw"?[0m?[36m should be ?[0m?[36m?[1m"DONE"?[0m            ?[90m# ca.mcgill.cranki.features.markTodoStatusStepDefs.theStatusOfShouldBe(java.lang.String,java.lang.String)?[0m

Scenario: Mark multiple todos as IN_PROGRESS (Alternate Flow) ?[90m# src/test/java/resources/markTodoStatus.feature:37?[0m
Hibernate: select ti1_0.id,ti1_0.description,ti1_0.name,ti1_0.status,ti1_0.todo_list_id from todo_item ti1_0
Hibernate: delete from todo_item where id=?
Hibernate: delete from todo_item where id=?
Hibernate: insert into todo_item (description,name,status,todo_list_id) values (?,?,?,?)
Hibernate: insert into todo_item (description,name,status,todo_list_id) values (?,?,?,?)
Hibernate: insert into todo_item (description,name,status,todo_list_id) values (?,?,?,?)
Hibernate: select count(*) from todo_item ti1_0
SIZE SIZE SIZE: 3
  ?[32mGiven ?[0m?[32mI have the following todos in my todo list:?[0m           ?[90m# ca.mcgill.cranki.features.markTodoStatusStepDefs.iHaveTheFollowingTodosInMyTodoList(io.cucumber.datatable.DataTable)?[0m
    | Todo Name       | Status |
    | Buy groceries   | DONE   |
    | ECSE428 hw      | DONE   |
    | Check MyCourses | DONE   |
  ?[32mWhen ?[0m?[32mI mark ?[0m?[32m?[1m"Buy groceries"?[0m?[32m as IN_PROGRESS?[0m                  ?[90m# ca.mcgill.cranki.features.markTodoStatusStepDefs.iMarkAsInProgress(java.lang.String)?[0m
  ?[32mAnd ?[0m?[32mI mark ?[0m?[32m?[1m"ECSE428 hw"?[0m?[32m as IN_PROGRESS?[0m                      ?[90m# ca.mcgill.cranki.features.markTodoStatusStepDefs.iMarkAsInProgress(java.lang.String)?[0m
Hibernate: select ti1_0.id,ti1_0.description,ti1_0.name,ti1_0.status,ti1_0.todo_list_id from todo_item ti1_0 where ti1_0.name=?
  ?[31mThen ?[0m?[31mthe status of ?[0m?[31m?[1m"Buy groceries"?[0m?[31m should be ?[0m?[31m?[1m"IN_PROGRESS"?[0m  ?[90m# ca.mcgill.cranki.features.markTodoStatusStepDefs.theStatusOfShouldBe(java.lang.String,java.lang.String)?[0m
      ?[31mjava.lang.AssertionError: expected:<IN_PROGRESS> but was:<DONE>
	at org.junit.Assert.fail(Assert.java:89)
	at org.junit.Assert.failNotEquals(Assert.java:835)
	at org.junit.Assert.assertEquals(Assert.java:120)
	at org.junit.Assert.assertEquals(Assert.java:146)
	at ca.mcgill.cranki.features.markTodoStatusStepDefs.theStatusOfShouldBe(markTodoStatusStepDefs.java:78)
	at ✽.the status of "Buy groceries" should be "IN_PROGRESS"(file:///home/jubiiz/documents/school/ecse428/cranki/backend/cranki/src/test/java/resources/markTodoStatus.feature:45)
?[0m
  ?[36mAnd ?[0m?[36mthe status of ?[0m?[36m?[1m"ECSE428 hw"?[0m?[36m should be ?[0m?[36m?[1m"IN_PROGRESS"?[0m      ?[90m# ca.mcgill.cranki.features.markTodoStatusStepDefs.theStatusOfShouldBe(java.lang.String,java.lang.String)?[0m
  ?[36mAnd ?[0m?[36mthe status of ?[0m?[36m?[1m"Check MyCourses"?[0m?[36m should be ?[0m?[36m?[1m"DONE"?[0m        ?[90m# ca.mcgill.cranki.features.markTodoStatusStepDefs.theStatusOfShouldBe(java.lang.String,java.lang.String)?[0m

Scenario: Mark a todo as DONE that is already marked as DONE (Error Flow) ?[90m# src/test/java/resources/markTodoStatus.feature:50?[0m
Hibernate: select ti1_0.id,ti1_0.description,ti1_0.name,ti1_0.status,ti1_0.todo_list_id from todo_item ti1_0
Hibernate: delete from todo_item where id=?
Hibernate: delete from todo_item where id=?
Hibernate: delete from todo_item where id=?
Hibernate: insert into todo_item (description,name,status,todo_list_id) values (?,?,?,?)
Hibernate: insert into todo_item (description,name,status,todo_list_id) values (?,?,?,?)
Hibernate: select count(*) from todo_item ti1_0
SIZE SIZE SIZE: 2
  ?[32mGiven ?[0m?[32mI have the following todos in my todo list:?[0m                       ?[90m# ca.mcgill.cranki.features.markTodoStatusStepDefs.iHaveTheFollowingTodosInMyTodoList(io.cucumber.datatable.DataTable)?[0m
    | Todo Name     | Status      |
    | Buy groceries | DONE        |
    | ECSE428 hw    | IN_PROGRESS |
Hibernate: select ti1_0.id,ti1_0.description,ti1_0.name,ti1_0.status,ti1_0.todo_list_id from todo_item ti1_0 where ti1_0.name=?
Hibernate: select ti1_0.id,ti1_0.description,ti1_0.name,ti1_0.status,ti1_0.todo_list_id from todo_item ti1_0 where ti1_0.name=?
BEFORE BFORE BFORE: DONE
  ?[31mWhen ?[0m?[31mI mark ?[0m?[31m?[1m"Buy groceries"?[0m?[31m as DONE?[0m                                     ?[90m# ca.mcgill.cranki.features.markTodoStatusStepDefs.iMarkAsDone(java.lang.String)?[0m
      ?[31morg.springframework.web.client.HttpServerErrorException$InternalServerError: 500 : "{"timestamp":"2024-10-26T15:26:44.269+00:00","status":500,"error":"Internal Server Error","trace":"java.util.NoSuchElementException: No value present\n\tat java.base/java.util.Optional.get(Optional.java:143)\n\tat ca.mcgill.cranki.controller.TodoItemController.updateTodoStatus(TodoItemController.java:22)\n\tat java.base/jdk.internal.reflect.DirectMethodHandleAccessor.invoke(DirectMethodHandleAccessor.java:103)\n\tat java.base/java.lang.reflect.Method.invoke(Method.java:580)\n\tat org.springframework.web.method.support.InvocableHandlerMethod.doInvoke(InvocableHandlerMethod.java:255)\n\tat org.springframework.web.method.support.InvocableHandlerMethod.invokeForRequest(InvocableHandlerMethod.java:188)\n\tat org.springframework.web.servlet.mvc.method.annotation.ServletInvocableHandlerMethod.invokeAndHandle(ServletInvocableHandlerMethod.java:118)\n\tat org.springframework.web.servlet.mvc.method.annotation.RequestMappingHandlerAdapter.invokeHandlerMethod(RequestMappingHandlerAdapter.java:926)\n\tat org.springframework.web.servlet.mvc.method.annotation.RequestMappingHandlerAdapter.handleInternal(RequestMappingHandlerAdapter.java:831)\n\tat org.springframework.web.servlet.mvc.method.AbstractHandlerMethodAdapter.handle(AbstractHandlerMethodAdapter.java:87)\n\tat org.springframework.web.servlet.DispatcherServlet.doDispatch(DispatcherServlet.java:1089)\n\tat org.springframework.web.servlet.DispatcherServlet.doService(DispatcherServlet.java:979)\n\tat org.springframework.web.servlet.FrameworkServlet.processRequest(FrameworkServlet.java:1014)\n\tat org.springframework.web.servlet.FrameworkServlet.doPut(FrameworkServlet.java:925)\n\tat jakarta.servlet.http.HttpServlet.service(HttpServlet.java:593)\n\tat org.springframework.web.servlet.FrameworkServlet.service(FrameworkServlet.java:885)\n\tat jakarta.servlet.http.HttpServlet.service(HttpServlet.java:658)\n\tat org.apache.catalina.core.ApplicationFilterChain.internalDoFilter(ApplicationFilterChain.java:195)\n\tat org.apache.catalina.core.ApplicationFilterChain.doFilter(ApplicationFilterChain.java:140)\n\tat org.apache.tomcat.websocket.server.WsFilter.doFilter(WsFilter.java:51)\n\tat org.apache.catalina.core.ApplicationFilterChain.internalDoFilter(ApplicationFilterChain.java:164)\n\tat org.apache.catalina.core.ApplicationFilterChain.doFilter(ApplicationFilterChain.java:140)\n\tat org.springframework.web.filter.RequestContextFilter.doFilterInternal(RequestContextFilter.java:100)\n\tat org.springframework.web.filter.OncePerRequestFilter.doFilter(OncePerRequestFilter.java:116)\n\tat org.apache.catalina.core.ApplicationFilterChain.internalDoFilter(ApplicationFilterChain.java:164)\n\tat org.apache.catalina.core.ApplicationFilterChain.doFilter(ApplicationFilterChain.java:140)\n\tat org.springframework.web.filter.FormContentFilter.doFilterInternal(FormContentFilter.java:93)\n\tat org.springframework.web.filter.OncePerRequestFilter.doFilter(OncePerRequestFilter.java:116)\n\tat org.apache.catalina.core.ApplicationFilterChain.internalDoFilter(ApplicationFilterChain.java:164)\n\tat org.apache.catalina.core.ApplicationFilterChain.doFilter(ApplicationFilterChain.java:140)\n\tat org.springframework.web.filter.CharacterEncodingFilter.doFilterInternal(CharacterEncodingFilter.java:201)\n\tat org.springframework.web.filter.OncePerRequestFilter.doFilter(OncePerRequestFilter.java:116)\n\tat org.apache.catalina.core.ApplicationFilterChain.internalDoFilter(ApplicationFilterChain.java:164)\n\tat org.apache.catalina.core.ApplicationFilterChain.doFilter(ApplicationFilterChain.java:140)\n\tat org.apache.catalina.core.StandardWrapperValve.invoke(StandardWrapperValve.java:167)\n\tat org.apache.catalina.core.StandardContextValve.invoke(StandardContextValve.java:90)\n\tat org.apache.catalina.authenticator.AuthenticatorBase.invoke(AuthenticatorBase.java:483)\n\tat org.apache.catalina.core.StandardHostValve.invoke(StandardHostValve.java:115)\n\tat org.apache.catalina.valves.ErrorReportValve.invoke(ErrorReportValve.java:93)\n\tat org.apache.catalina.core.StandardEngineValve.invoke(StandardEngineValve.java:74)\n\tat org.apache.catalina.connector.CoyoteAdapter.service(CoyoteAdapter.java:344)\n\tat org.apache.coyote.http11.Http11Processor.service(Http11Processor.java:384)\n\tat org.apache.coyote.AbstractProcessorLight.process(AbstractProcessorLight.java:63)\n\tat org.apache.coyote.AbstractProtocol$ConnectionHandler.process(AbstractProtocol.java:905)\n\tat org.apache.tomcat.util.net.NioEndpoint$SocketProcessor.doRun(NioEndpoint.java:1741)\n\tat org.apache.tomcat.util.net.SocketProcessorBase.run(SocketProcessorBase.java:52)\n\tat org.apache.tomcat.util.threads.ThreadPoolExecutor.runWorker(ThreadPoolExecutor.java:1190)\n\tat org.apache.tomcat.util.threads.ThreadPoolExecutor$Worker.run(ThreadPoolExecutor.java:659)\n\tat org.apache.tomcat.util.threads.TaskThread$WrappingRunnable.run(TaskThread.java:63)\n\tat java.base/java.lang.Thread.run(Thread.java:1583)\n","message":"No value present","path":"/todoItem/updateStatus"}"
	at org.springframework.web.client.HttpServerErrorException.create(HttpServerErrorException.java:102)
	at org.springframework.web.client.DefaultResponseErrorHandler.handleError(DefaultResponseErrorHandler.java:186)
	at org.springframework.web.client.DefaultResponseErrorHandler.handleError(DefaultResponseErrorHandler.java:137)
	at org.springframework.web.client.ResponseErrorHandler.handleError(ResponseErrorHandler.java:63)
	at org.springframework.web.client.RestTemplate.handleResponse(RestTemplate.java:942)
	at org.springframework.web.client.RestTemplate.doExecute(RestTemplate.java:891)
	at org.springframework.web.client.RestTemplate.execute(RestTemplate.java:790)
	at org.springframework.web.client.RestTemplate.exchange(RestTemplate.java:672)
	at ca.mcgill.cranki.features.markTodoStatusStepDefs.iMarkAsDone(markTodoStatusStepDefs.java:68)
	at ✽.I mark "Buy groceries" as DONE(file:///home/jubiiz/documents/school/ecse428/cranki/backend/cranki/src/test/java/resources/markTodoStatus.feature:55)
?[0m
  ?[36mThen ?[0m?[36mthe status of ?[0m?[36m?[1m"Buy grocieres"?[0m?[36m should remain ?[0m?[36m?[1m"DONE"?[0m                 ?[90m# ca.mcgill.cranki.features.markTodoStatusStepDefs.theStatusOfShouldRemain(java.lang.String,java.lang.String)?[0m
  ?[36mAnd ?[0m?[36mthe status of ?[0m?[36m?[1m"ECSE428 hw"?[0m?[36m should be ?[0m?[36m?[1m"IN_PROGRESS"?[0m                  ?[90m# ca.mcgill.cranki.features.markTodoStatusStepDefs.theStatusOfShouldBe(java.lang.String,java.lang.String)?[0m
  ?[36mAnd ?[0m?[36mI should see an error message ?[0m?[36m?[1m"Task is already marked as DONE"?[0m      ?[90m# ca.mcgill.cranki.features.markTodoStatusStepDefs.iShouldSeeAnErrorMessage(java.lang.String)?[0m

Scenario: Mark a todo as IN_PROGRESS that is already marked as IN_PROGRESS (Error Flow) ?[90m# src/test/java/resources/markTodoStatus.feature:60?[0m
Hibernate: select ti1_0.id,ti1_0.description,ti1_0.name,ti1_0.status,ti1_0.todo_list_id from todo_item ti1_0
Hibernate: delete from todo_item where id=?
Hibernate: delete from todo_item where id=?
Hibernate: insert into todo_item (description,name,status,todo_list_id) values (?,?,?,?)
Hibernate: insert into todo_item (description,name,status,todo_list_id) values (?,?,?,?)
Hibernate: select count(*) from todo_item ti1_0
SIZE SIZE SIZE: 2
  ?[32mGiven ?[0m?[32mI have the following todos in my todo list:?[0m                                     ?[90m# ca.mcgill.cranki.features.markTodoStatusStepDefs.iHaveTheFollowingTodosInMyTodoList(io.cucumber.datatable.DataTable)?[0m
    | Todo Name     | Status      |
    | Buy groceries | DONE        |
    | ECSE428 hw    | IN_PROGRESS |
  ?[32mWhen ?[0m?[32mI mark ?[0m?[32m?[1m"ECSE428 hw"?[0m?[32m as IN_PROGRESS?[0m                                               ?[90m# ca.mcgill.cranki.features.markTodoStatusStepDefs.iMarkAsInProgress(java.lang.String)?[0m
  ?[32mThen ?[0m?[32mthe status of ?[0m?[32m?[1m"ECSE428 hw"?[0m?[32m should remain ?[0m?[32m?[1m"IN_PROGRESS"?[0m                           ?[90m# ca.mcgill.cranki.features.markTodoStatusStepDefs.theStatusOfShouldRemain(java.lang.String,java.lang.String)?[0m
Hibernate: select ti1_0.id,ti1_0.description,ti1_0.name,ti1_0.status,ti1_0.todo_list_id from todo_item ti1_0 where ti1_0.name=?
  ?[32mAnd ?[0m?[32mthe status of ?[0m?[32m?[1m"Buy groceries"?[0m?[32m should be ?[0m?[32m?[1m"DONE"?[0m                                    ?[90m# ca.mcgill.cranki.features.markTodoStatusStepDefs.theStatusOfShouldBe(java.lang.String,java.lang.String)?[0m
  ?[32mAnd ?[0m?[32mI should see an error message ?[0m?[32m?[1m"Task is already marked as IN_PROGRESS"?[0m             ?[90m# ca.mcgill.cranki.features.markTodoStatusStepDefs.iShouldSeeAnErrorMessage(java.lang.String)?[0m

Scenario: Attempt to mark a todo as DONE that does not exist ?[90m# src/test/java/resources/markTodoStatus.feature:70?[0m
Hibernate: select ti1_0.id,ti1_0.description,ti1_0.name,ti1_0.status,ti1_0.todo_list_id from todo_item ti1_0
Hibernate: delete from todo_item where id=?
Hibernate: delete from todo_item where id=?
Hibernate: insert into todo_item (description,name,status,todo_list_id) values (?,?,?,?)
Hibernate: insert into todo_item (description,name,status,todo_list_id) values (?,?,?,?)
Hibernate: select count(*) from todo_item ti1_0
SIZE SIZE SIZE: 2
  ?[32mGiven ?[0m?[32mI have the following todos in my todo list:?[0m          ?[90m# ca.mcgill.cranki.features.markTodoStatusStepDefs.iHaveTheFollowingTodosInMyTodoList(io.cucumber.datatable.DataTable)?[0m
    | Todo Name     | Status      |
    | Buy groceries | DONE        |
    | ECSE428 hw    | IN_PROGRESS |
Hibernate: select ti1_0.id,ti1_0.description,ti1_0.name,ti1_0.status,ti1_0.todo_list_id from todo_item ti1_0 where ti1_0.name=?
Hibernate: select ti1_0.id,ti1_0.description,ti1_0.name,ti1_0.status,ti1_0.todo_list_id from todo_item ti1_0 where ti1_0.name=?
  ?[31mWhen ?[0m?[31mI mark ?[0m?[31m?[1m"Go to class"?[0m?[31m as DONE?[0m                          ?[90m# ca.mcgill.cranki.features.markTodoStatusStepDefs.iMarkAsDone(java.lang.String)?[0m
      ?[31mjava.lang.NullPointerException: Cannot invoke "ca.mcgill.cranki.model.TodoItem.getStatus()" because the return value of "ca.mcgill.cranki.repository.TodoItemRepository.getByName(String)" is null
	at ca.mcgill.cranki.features.markTodoStatusStepDefs.iMarkAsDone(markTodoStatusStepDefs.java:67)
	at ✽.I mark "Go to class" as DONE(file:///home/jubiiz/documents/school/ecse428/cranki/backend/cranki/src/test/java/resources/markTodoStatus.feature:75)
?[0m
  ?[36mThen ?[0m?[36mI should see an error message ?[0m?[36m?[1m"Task not found"?[0m        ?[90m# ca.mcgill.cranki.features.markTodoStatusStepDefs.iShouldSeeAnErrorMessage(java.lang.String)?[0m

Scenario Outline: Create a First Todo (Normal Flow)                            ?[90m# src/test/java/resources/sampleFeature.feature:15?[0m
  ?[32mGiven ?[0m?[32mno todos have been created?[0m                                             ?[90m# ca.mcgill.cranki.features.sampleFeatureStepdefs.noTodosHaveBeenCreated()?[0m
Hibernate: insert into todo_list (name) values (?)
  ?[32mWhen ?[0m?[32mrequesting the creation of todo list with the following name ?[0m?[32m?[1m"Buy milk"?[0m ?[90m# ca.mcgill.cranki.features.sampleFeatureStepdefs.requestingTheCreationOfTodoListWithTheFollowingNameName(java.lang.String)?[0m
Hibernate: select tl1_0.id,tl1_0.name from todo_list tl1_0 where tl1_0.name=?
  ?[32mThen ?[0m?[32mthe todo list with following name ?[0m?[32m?[1m"Buy milk"?[0m                            ?[90m# ca.mcgill.cranki.features.sampleFeatureStepdefs.theTodoListWithFollowingNameName(java.lang.String)?[0m

Scenario Outline: Create a First Todo (Normal Flow)                               ?[90m# src/test/java/resources/sampleFeature.feature:16?[0m
  ?[32mGiven ?[0m?[32mno todos have been created?[0m                                                ?[90m# ca.mcgill.cranki.features.sampleFeatureStepdefs.noTodosHaveBeenCreated()?[0m
Hibernate: insert into todo_list (name) values (?)
  ?[32mWhen ?[0m?[32mrequesting the creation of todo list with the following name ?[0m?[32m?[1m"Wash dishes"?[0m ?[90m# ca.mcgill.cranki.features.sampleFeatureStepdefs.requestingTheCreationOfTodoListWithTheFollowingNameName(java.lang.String)?[0m
Hibernate: select tl1_0.id,tl1_0.name from todo_list tl1_0 where tl1_0.name=?
  ?[32mThen ?[0m?[32mthe todo list with following name ?[0m?[32m?[1m"Wash dishes"?[0m                            ?[90m# ca.mcgill.cranki.features.sampleFeatureStepdefs.theTodoListWithFollowingNameName(java.lang.String)?[0m
]]></system-out>
  <system-err><![CDATA[WARNING: A Java agent has been loaded dynamically (/home/jubiiz/.gradle/caches/modules-2/files-2.1/net.bytebuddy/byte-buddy-agent/1.14.19/154da3a65b4f4a909d3e5bdec55d1b2b4cbb6ce1/byte-buddy-agent-1.14.19.jar)
WARNING: If a serviceability tool is in use, please run with -XX:+EnableDynamicAgentLoading to hide this warning
WARNING: If a serviceability tool is not in use, please run with -Djdk.instrument.traceUsage for more information
WARNING: Dynamic loading of agents will be disallowed by default in a future release
]]></system-err>
</testsuite>
