<?xml version="1.0" encoding="UTF-8"?>
<testsuite name="ca.mcgill.cranki.features.CucumberTestRunner" tests="9" skipped="0" failures="0" errors="0" timestamp="2024-10-26T16:32:38" hostname="spaceship" time="3.226">
  <properties/>
  <testcase name="Mark a todo as DONE (Normal Flow)" classname="ca.mcgill.cranki.features.CucumberTestRunner" time="2.859"/>
  <testcase name="Mark multiple todos as DONE (Alternate Flow)" classname="ca.mcgill.cranki.features.CucumberTestRunner" time="0.075"/>
  <testcase name="Mark a todo as IN_PROGRESS (Alternate Flow)" classname="ca.mcgill.cranki.features.CucumberTestRunner" time="0.051"/>
  <testcase name="Mark multiple todos as IN_PROGRESS (Alternate Flow)" classname="ca.mcgill.cranki.features.CucumberTestRunner" time="0.072"/>
  <testcase name="Mark a todo as DONE that is already marked as DONE (Error Flow)" classname="ca.mcgill.cranki.features.CucumberTestRunner" time="0.046"/>
  <testcase name="Mark a todo as IN_PROGRESS that is already marked as IN_PROGRESS (Error Flow)" classname="ca.mcgill.cranki.features.CucumberTestRunner" time="0.042"/>
  <testcase name="Attempt to mark a todo as done that does not exist" classname="ca.mcgill.cranki.features.CucumberTestRunner" time="0.04"/>
  <testcase name="Create a First Todo (Normal Flow) #1" classname="ca.mcgill.cranki.features.CucumberTestRunner" time="0.021"/>
  <testcase name="Create a First Todo (Normal Flow) #2" classname="ca.mcgill.cranki.features.CucumberTestRunner" time="0.017"/>
  <system-out><![CDATA[
  .   ____          _            __ _ _
 /\\ / ___'_ __ _ _(_)_ __  __ _ \ \ \ \
( ( )\___ | '_ | '_| | '_ \/ _` | \ \ \ \
 \\/  ___)| |_)| | | | | || (_| |  ) ) ) )
  '  |____| .__|_| |_|_| |_\__, | / / / /
 =========|_|==============|___/=/_/_/_/

 :: Spring Boot ::                (v3.3.5)

2024-10-26T12:32:39.150-04:00  INFO 37583 --- [cranki] [    Test worker] c.m.c.f.CucumberSpringConfiguration      : Starting CucumberSpringConfiguration using Java 21.0.4 with PID 37583 (started by jubiiz in /home/jubiiz/documents/school/ecse428/cranki/backend/cranki)
2024-10-26T12:32:39.152-04:00  INFO 37583 --- [cranki] [    Test worker] c.m.c.f.CucumberSpringConfiguration      : The following 1 profile is active: "test"
2024-10-26T12:32:39.454-04:00  INFO 37583 --- [cranki] [    Test worker] .s.d.r.c.RepositoryConfigurationDelegate : Bootstrapping Spring Data JPA repositories in DEFAULT mode.
2024-10-26T12:32:39.481-04:00  INFO 37583 --- [cranki] [    Test worker] .s.d.r.c.RepositoryConfigurationDelegate : Finished Spring Data repository scanning in 23 ms. Found 2 JPA repository interfaces.
2024-10-26T12:32:39.693-04:00  INFO 37583 --- [cranki] [    Test worker] o.hibernate.jpa.internal.util.LogHelper  : HHH000204: Processing PersistenceUnitInfo [name: default]
2024-10-26T12:32:39.717-04:00  INFO 37583 --- [cranki] [    Test worker] org.hibernate.Version                    : HHH000412: Hibernate ORM core version 6.5.3.Final
2024-10-26T12:32:39.732-04:00  INFO 37583 --- [cranki] [    Test worker] o.h.c.internal.RegionFactoryInitiator    : HHH000026: Second-level cache disabled
2024-10-26T12:32:39.873-04:00  INFO 37583 --- [cranki] [    Test worker] o.s.o.j.p.SpringPersistenceUnitInfo      : No LoadTimeWeaver setup: ignoring JPA class transformer
2024-10-26T12:32:39.887-04:00  INFO 37583 --- [cranki] [    Test worker] com.zaxxer.hikari.HikariDataSource       : HikariPool-1 - Starting...
2024-10-26T12:32:40.079-04:00  INFO 37583 --- [cranki] [    Test worker] com.zaxxer.hikari.pool.HikariPool        : HikariPool-1 - Added connection com.mysql.cj.jdbc.ConnectionImpl@539ee811
2024-10-26T12:32:40.080-04:00  INFO 37583 --- [cranki] [    Test worker] com.zaxxer.hikari.HikariDataSource       : HikariPool-1 - Start completed.
2024-10-26T12:32:40.114-04:00  WARN 37583 --- [cranki] [    Test worker] org.hibernate.orm.deprecation            : HHH90000025: MySQLDialect does not need to be specified explicitly using 'hibernate.dialect' (remove the property setting and it will be selected by default)
2024-10-26T12:32:40.542-04:00  INFO 37583 --- [cranki] [    Test worker] o.h.e.t.j.p.i.JtaPlatformInitiator       : HHH000489: No JTA platform available (set 'hibernate.transaction.jta.platform' to enable JTA platform integration)
Hibernate: alter table todo_item drop foreign key FKteq2m3pydjyfajp6msycpeac3
Hibernate: drop table if exists todo_item
Hibernate: drop table if exists todo_list
Hibernate: create table todo_item (id integer not null auto_increment, status tinyint check (status between 0 and 2), todo_list_id integer, description varchar(255), name varchar(255), primary key (id)) engine=InnoDB
Hibernate: create table todo_list (id integer not null auto_increment, name varchar(255) not null, primary key (id)) engine=InnoDB
Hibernate: alter table todo_item add constraint FKteq2m3pydjyfajp6msycpeac3 foreign key (todo_list_id) references todo_list (id)
2024-10-26T12:32:40.750-04:00  INFO 37583 --- [cranki] [    Test worker] j.LocalContainerEntityManagerFactoryBean : Initialized JPA EntityManagerFactory for persistence unit 'default'
2024-10-26T12:32:40.961-04:00  WARN 37583 --- [cranki] [    Test worker] JpaBaseConfiguration$JpaWebConfiguration : spring.jpa.open-in-view is enabled by default. Therefore, database queries may be performed during view rendering. Explicitly configure spring.jpa.open-in-view to disable this warning
2024-10-26T12:32:41.140-04:00  INFO 37583 --- [cranki] [    Test worker] c.m.c.f.CucumberSpringConfiguration      : Started CucumberSpringConfiguration in 2.113 seconds (process running for 2.743)

Scenario: Mark a todo as DONE (Normal Flow)              ?[90m# src/test/java/resources/markTodoStatus.feature:7?[0m
Hibernate: select ti1_0.id,ti1_0.description,ti1_0.name,ti1_0.status,ti1_0.todo_list_id from todo_item ti1_0
Hibernate: insert into todo_item (description,name,status,todo_list_id) values (?,?,?,?)
Hibernate: insert into todo_item (description,name,status,todo_list_id) values (?,?,?,?)
Hibernate: select count(*) from todo_item ti1_0
SIZE SIZE SIZE: 2
  ?[32mGiven ?[0m?[32mI have the following todos in my todo list:?[0m      ?[90m# ca.mcgill.cranki.features.markTodoStatusStepDefs.iHaveTheFollowingTodosInMyTodoList(io.cucumber.datatable.DataTable)?[0m
    | Todo Name     | Status      |
    | Buy groceries | IN_PROGRESS |
    | ECSE428 hw    | IN_PROGRESS |
Hibernate: select ti1_0.id,ti1_0.description,ti1_0.name,ti1_0.status,ti1_0.todo_list_id from todo_item ti1_0 where ti1_0.name=?
Hibernate: select ti1_0.id,ti1_0.description,ti1_0.name,ti1_0.status,tl1_0.id,tl1_0.name from todo_item ti1_0 left join todo_list tl1_0 on tl1_0.id=ti1_0.todo_list_id where ti1_0.id=?
Hibernate: select ti1_0.id,ti1_0.description,ti1_0.name,ti1_0.status,tl1_0.id,tl1_0.name from todo_item ti1_0 left join todo_list tl1_0 on tl1_0.id=ti1_0.todo_list_id where ti1_0.id=?
Hibernate: update todo_item set description=?,name=?,status=?,todo_list_id=? where id=?
  ?[32mWhen ?[0m?[32mI mark ?[0m?[32m?[1m"Buy groceries"?[0m?[32m as DONE?[0m                    ?[90m# ca.mcgill.cranki.features.markTodoStatusStepDefs.iMarkAsDone(java.lang.String)?[0m
Hibernate: select ti1_0.id,ti1_0.description,ti1_0.name,ti1_0.status,ti1_0.todo_list_id from todo_item ti1_0 where ti1_0.name=?
  ?[32mThen ?[0m?[32mthe status of ?[0m?[32m?[1m"Buy groceries"?[0m?[32m should be ?[0m?[32m?[1m"DONE"?[0m    ?[90m# ca.mcgill.cranki.features.markTodoStatusStepDefs.theStatusOfShouldBe(java.lang.String,java.lang.String)?[0m
Hibernate: select ti1_0.id,ti1_0.description,ti1_0.name,ti1_0.status,ti1_0.todo_list_id from todo_item ti1_0 where ti1_0.name=?
  ?[32mAnd ?[0m?[32mthe status of ?[0m?[32m?[1m"ECSE428 hw"?[0m?[32m should be ?[0m?[32m?[1m"IN_PROGRESS"?[0m ?[90m# ca.mcgill.cranki.features.markTodoStatusStepDefs.theStatusOfShouldBe(java.lang.String,java.lang.String)?[0m

Scenario: Mark multiple todos as DONE (Alternate Flow)        ?[90m# src/test/java/resources/markTodoStatus.feature:16?[0m
Hibernate: select ti1_0.id,ti1_0.description,ti1_0.name,ti1_0.status,ti1_0.todo_list_id from todo_item ti1_0
Hibernate: delete from todo_item where id=?
Hibernate: delete from todo_item where id=?
Hibernate: insert into todo_item (description,name,status,todo_list_id) values (?,?,?,?)
Hibernate: insert into todo_item (description,name,status,todo_list_id) values (?,?,?,?)
Hibernate: insert into todo_item (description,name,status,todo_list_id) values (?,?,?,?)
Hibernate: select count(*) from todo_item ti1_0
SIZE SIZE SIZE: 3
  ?[32mGiven ?[0m?[32mI have the following todos in my todo list:?[0m           ?[90m# ca.mcgill.cranki.features.markTodoStatusStepDefs.iHaveTheFollowingTodosInMyTodoList(io.cucumber.datatable.DataTable)?[0m
    | Todo Name       | Status      |
    | Buy groceries   | IN_PROGRESS |
    | ECSE428 hw      | IN_PROGRESS |
    | Check MyCourses | IN_PROGRESS |
Hibernate: select ti1_0.id,ti1_0.description,ti1_0.name,ti1_0.status,ti1_0.todo_list_id from todo_item ti1_0 where ti1_0.name=?
Hibernate: select ti1_0.id,ti1_0.description,ti1_0.name,ti1_0.status,tl1_0.id,tl1_0.name from todo_item ti1_0 left join todo_list tl1_0 on tl1_0.id=ti1_0.todo_list_id where ti1_0.id=?
Hibernate: select ti1_0.id,ti1_0.description,ti1_0.name,ti1_0.status,tl1_0.id,tl1_0.name from todo_item ti1_0 left join todo_list tl1_0 on tl1_0.id=ti1_0.todo_list_id where ti1_0.id=?
Hibernate: update todo_item set description=?,name=?,status=?,todo_list_id=? where id=?
  ?[32mWhen ?[0m?[32mI mark ?[0m?[32m?[1m"Buy groceries"?[0m?[32m as DONE?[0m                         ?[90m# ca.mcgill.cranki.features.markTodoStatusStepDefs.iMarkAsDone(java.lang.String)?[0m
Hibernate: select ti1_0.id,ti1_0.description,ti1_0.name,ti1_0.status,ti1_0.todo_list_id from todo_item ti1_0 where ti1_0.name=?
Hibernate: select ti1_0.id,ti1_0.description,ti1_0.name,ti1_0.status,tl1_0.id,tl1_0.name from todo_item ti1_0 left join todo_list tl1_0 on tl1_0.id=ti1_0.todo_list_id where ti1_0.id=?
Hibernate: select ti1_0.id,ti1_0.description,ti1_0.name,ti1_0.status,tl1_0.id,tl1_0.name from todo_item ti1_0 left join todo_list tl1_0 on tl1_0.id=ti1_0.todo_list_id where ti1_0.id=?
Hibernate: update todo_item set description=?,name=?,status=?,todo_list_id=? where id=?
  ?[32mAnd ?[0m?[32mI mark ?[0m?[32m?[1m"ECSE428 hw"?[0m?[32m as DONE?[0m                             ?[90m# ca.mcgill.cranki.features.markTodoStatusStepDefs.iMarkAsDone(java.lang.String)?[0m
Hibernate: select ti1_0.id,ti1_0.description,ti1_0.name,ti1_0.status,ti1_0.todo_list_id from todo_item ti1_0 where ti1_0.name=?
  ?[32mThen ?[0m?[32mthe status of ?[0m?[32m?[1m"Buy groceries"?[0m?[32m should be ?[0m?[32m?[1m"DONE"?[0m         ?[90m# ca.mcgill.cranki.features.markTodoStatusStepDefs.theStatusOfShouldBe(java.lang.String,java.lang.String)?[0m
Hibernate: select ti1_0.id,ti1_0.description,ti1_0.name,ti1_0.status,ti1_0.todo_list_id from todo_item ti1_0 where ti1_0.name=?
  ?[32mAnd ?[0m?[32mthe status of ?[0m?[32m?[1m"ECSE428 hw"?[0m?[32m should be ?[0m?[32m?[1m"DONE"?[0m             ?[90m# ca.mcgill.cranki.features.markTodoStatusStepDefs.theStatusOfShouldBe(java.lang.String,java.lang.String)?[0m
Hibernate: select ti1_0.id,ti1_0.description,ti1_0.name,ti1_0.status,ti1_0.todo_list_id from todo_item ti1_0 where ti1_0.name=?
  ?[32mAnd ?[0m?[32mthe status of ?[0m?[32m?[1m"Check MyCourses"?[0m?[32m should be ?[0m?[32m?[1m"IN_PROGRESS"?[0m ?[90m# ca.mcgill.cranki.features.markTodoStatusStepDefs.theStatusOfShouldBe(java.lang.String,java.lang.String)?[0m

Scenario: Mark a todo as IN_PROGRESS (Alternate Flow)        ?[90m# src/test/java/resources/markTodoStatus.feature:28?[0m
Hibernate: select ti1_0.id,ti1_0.description,ti1_0.name,ti1_0.status,ti1_0.todo_list_id from todo_item ti1_0
Hibernate: delete from todo_item where id=?
Hibernate: delete from todo_item where id=?
Hibernate: delete from todo_item where id=?
Hibernate: insert into todo_item (description,name,status,todo_list_id) values (?,?,?,?)
Hibernate: insert into todo_item (description,name,status,todo_list_id) values (?,?,?,?)
Hibernate: select count(*) from todo_item ti1_0
SIZE SIZE SIZE: 2
  ?[32mGiven ?[0m?[32mI have the following todos in my todo list:?[0m          ?[90m# ca.mcgill.cranki.features.markTodoStatusStepDefs.iHaveTheFollowingTodosInMyTodoList(io.cucumber.datatable.DataTable)?[0m
    | Todo Name     | Status |
    | Buy groceries | DONE   |
    | ECSE428 hw    | DONE   |
Hibernate: select ti1_0.id,ti1_0.description,ti1_0.name,ti1_0.status,ti1_0.todo_list_id from todo_item ti1_0 where ti1_0.name=?
Hibernate: select ti1_0.id,ti1_0.description,ti1_0.name,ti1_0.status,tl1_0.id,tl1_0.name from todo_item ti1_0 left join todo_list tl1_0 on tl1_0.id=ti1_0.todo_list_id where ti1_0.id=?
Hibernate: select ti1_0.id,ti1_0.description,ti1_0.name,ti1_0.status,tl1_0.id,tl1_0.name from todo_item ti1_0 left join todo_list tl1_0 on tl1_0.id=ti1_0.todo_list_id where ti1_0.id=?
Hibernate: update todo_item set description=?,name=?,status=?,todo_list_id=? where id=?
  ?[32mWhen ?[0m?[32mI mark ?[0m?[32m?[1m"Buy groceries"?[0m?[32m as IN_PROGRESS?[0m                 ?[90m# ca.mcgill.cranki.features.markTodoStatusStepDefs.iMarkAsInProgress(java.lang.String)?[0m
Hibernate: select ti1_0.id,ti1_0.description,ti1_0.name,ti1_0.status,ti1_0.todo_list_id from todo_item ti1_0 where ti1_0.name=?
  ?[32mThen ?[0m?[32mthe status of ?[0m?[32m?[1m"Buy groceries"?[0m?[32m should be ?[0m?[32m?[1m"IN_PROGRESS"?[0m ?[90m# ca.mcgill.cranki.features.markTodoStatusStepDefs.theStatusOfShouldBe(java.lang.String,java.lang.String)?[0m
Hibernate: select ti1_0.id,ti1_0.description,ti1_0.name,ti1_0.status,ti1_0.todo_list_id from todo_item ti1_0 where ti1_0.name=?
  ?[32mAnd ?[0m?[32mthe status of ?[0m?[32m?[1m"ECSE428 hw"?[0m?[32m should be ?[0m?[32m?[1m"DONE"?[0m            ?[90m# ca.mcgill.cranki.features.markTodoStatusStepDefs.theStatusOfShouldBe(java.lang.String,java.lang.String)?[0m

Scenario: Mark multiple todos as IN_PROGRESS (Alternate Flow) ?[90m# src/test/java/resources/markTodoStatus.feature:37?[0m
Hibernate: select ti1_0.id,ti1_0.description,ti1_0.name,ti1_0.status,ti1_0.todo_list_id from todo_item ti1_0
Hibernate: delete from todo_item where id=?
Hibernate: delete from todo_item where id=?
Hibernate: insert into todo_item (description,name,status,todo_list_id) values (?,?,?,?)
Hibernate: insert into todo_item (description,name,status,todo_list_id) values (?,?,?,?)
Hibernate: insert into todo_item (description,name,status,todo_list_id) values (?,?,?,?)
Hibernate: select count(*) from todo_item ti1_0
SIZE SIZE SIZE: 3
  ?[32mGiven ?[0m?[32mI have the following todos in my todo list:?[0m           ?[90m# ca.mcgill.cranki.features.markTodoStatusStepDefs.iHaveTheFollowingTodosInMyTodoList(io.cucumber.datatable.DataTable)?[0m
    | Todo Name       | Status |
    | Buy groceries   | DONE   |
    | ECSE428 hw      | DONE   |
    | Check MyCourses | DONE   |
Hibernate: select ti1_0.id,ti1_0.description,ti1_0.name,ti1_0.status,ti1_0.todo_list_id from todo_item ti1_0 where ti1_0.name=?
Hibernate: select ti1_0.id,ti1_0.description,ti1_0.name,ti1_0.status,tl1_0.id,tl1_0.name from todo_item ti1_0 left join todo_list tl1_0 on tl1_0.id=ti1_0.todo_list_id where ti1_0.id=?
Hibernate: select ti1_0.id,ti1_0.description,ti1_0.name,ti1_0.status,tl1_0.id,tl1_0.name from todo_item ti1_0 left join todo_list tl1_0 on tl1_0.id=ti1_0.todo_list_id where ti1_0.id=?
Hibernate: update todo_item set description=?,name=?,status=?,todo_list_id=? where id=?
  ?[32mWhen ?[0m?[32mI mark ?[0m?[32m?[1m"Buy groceries"?[0m?[32m as IN_PROGRESS?[0m                  ?[90m# ca.mcgill.cranki.features.markTodoStatusStepDefs.iMarkAsInProgress(java.lang.String)?[0m
Hibernate: select ti1_0.id,ti1_0.description,ti1_0.name,ti1_0.status,ti1_0.todo_list_id from todo_item ti1_0 where ti1_0.name=?
Hibernate: select ti1_0.id,ti1_0.description,ti1_0.name,ti1_0.status,tl1_0.id,tl1_0.name from todo_item ti1_0 left join todo_list tl1_0 on tl1_0.id=ti1_0.todo_list_id where ti1_0.id=?
Hibernate: select ti1_0.id,ti1_0.description,ti1_0.name,ti1_0.status,tl1_0.id,tl1_0.name from todo_item ti1_0 left join todo_list tl1_0 on tl1_0.id=ti1_0.todo_list_id where ti1_0.id=?
Hibernate: update todo_item set description=?,name=?,status=?,todo_list_id=? where id=?
  ?[32mAnd ?[0m?[32mI mark ?[0m?[32m?[1m"ECSE428 hw"?[0m?[32m as IN_PROGRESS?[0m                      ?[90m# ca.mcgill.cranki.features.markTodoStatusStepDefs.iMarkAsInProgress(java.lang.String)?[0m
Hibernate: select ti1_0.id,ti1_0.description,ti1_0.name,ti1_0.status,ti1_0.todo_list_id from todo_item ti1_0 where ti1_0.name=?
  ?[32mThen ?[0m?[32mthe status of ?[0m?[32m?[1m"Buy groceries"?[0m?[32m should be ?[0m?[32m?[1m"IN_PROGRESS"?[0m  ?[90m# ca.mcgill.cranki.features.markTodoStatusStepDefs.theStatusOfShouldBe(java.lang.String,java.lang.String)?[0m
Hibernate: select ti1_0.id,ti1_0.description,ti1_0.name,ti1_0.status,ti1_0.todo_list_id from todo_item ti1_0 where ti1_0.name=?
  ?[32mAnd ?[0m?[32mthe status of ?[0m?[32m?[1m"ECSE428 hw"?[0m?[32m should be ?[0m?[32m?[1m"IN_PROGRESS"?[0m      ?[90m# ca.mcgill.cranki.features.markTodoStatusStepDefs.theStatusOfShouldBe(java.lang.String,java.lang.String)?[0m
Hibernate: select ti1_0.id,ti1_0.description,ti1_0.name,ti1_0.status,ti1_0.todo_list_id from todo_item ti1_0 where ti1_0.name=?
  ?[32mAnd ?[0m?[32mthe status of ?[0m?[32m?[1m"Check MyCourses"?[0m?[32m should be ?[0m?[32m?[1m"DONE"?[0m        ?[90m# ca.mcgill.cranki.features.markTodoStatusStepDefs.theStatusOfShouldBe(java.lang.String,java.lang.String)?[0m

Scenario: Mark a todo as DONE that is already marked as DONE (Error Flow) ?[90m# src/test/java/resources/markTodoStatus.feature:50?[0m
Hibernate: select ti1_0.id,ti1_0.description,ti1_0.name,ti1_0.status,ti1_0.todo_list_id from todo_item ti1_0
Hibernate: delete from todo_item where id=?
Hibernate: delete from todo_item where id=?
Hibernate: delete from todo_item where id=?
Hibernate: insert into todo_item (description,name,status,todo_list_id) values (?,?,?,?)
Hibernate: insert into todo_item (description,name,status,todo_list_id) values (?,?,?,?)
Hibernate: select count(*) from todo_item ti1_0
SIZE SIZE SIZE: 2
  ?[32mGiven ?[0m?[32mI have the following todos in my todo list:?[0m                       ?[90m# ca.mcgill.cranki.features.markTodoStatusStepDefs.iHaveTheFollowingTodosInMyTodoList(io.cucumber.datatable.DataTable)?[0m
    | Todo Name     | Status      |
    | Buy groceries | DONE        |
    | ECSE428 hw    | IN_PROGRESS |
Hibernate: select ti1_0.id,ti1_0.description,ti1_0.name,ti1_0.status,ti1_0.todo_list_id from todo_item ti1_0 where ti1_0.name=?
Hibernate: select ti1_0.id,ti1_0.description,ti1_0.name,ti1_0.status,tl1_0.id,tl1_0.name from todo_item ti1_0 left join todo_list tl1_0 on tl1_0.id=ti1_0.todo_list_id where ti1_0.id=?
  ?[32mWhen ?[0m?[32mI mark ?[0m?[32m?[1m"Buy groceries"?[0m?[32m as DONE?[0m                                     ?[90m# ca.mcgill.cranki.features.markTodoStatusStepDefs.iMarkAsDone(java.lang.String)?[0m
Hibernate: select ti1_0.id,ti1_0.description,ti1_0.name,ti1_0.status,ti1_0.todo_list_id from todo_item ti1_0 where ti1_0.name=?
  ?[32mThen ?[0m?[32mthe status of ?[0m?[32m?[1m"Buy groceries"?[0m?[32m should remain ?[0m?[32m?[1m"DONE"?[0m                 ?[90m# ca.mcgill.cranki.features.markTodoStatusStepDefs.theStatusOfShouldRemain(java.lang.String,java.lang.String)?[0m
Hibernate: select ti1_0.id,ti1_0.description,ti1_0.name,ti1_0.status,ti1_0.todo_list_id from todo_item ti1_0 where ti1_0.name=?
  ?[32mAnd ?[0m?[32mthe status of ?[0m?[32m?[1m"ECSE428 hw"?[0m?[32m should be ?[0m?[32m?[1m"IN_PROGRESS"?[0m                  ?[90m# ca.mcgill.cranki.features.markTodoStatusStepDefs.theStatusOfShouldBe(java.lang.String,java.lang.String)?[0m
  ?[32mAnd ?[0m?[32mI should see an error message ?[0m?[32m?[1m"Task is already marked as DONE"?[0m      ?[90m# ca.mcgill.cranki.features.markTodoStatusStepDefs.iShouldSeeAnErrorMessage(java.lang.String)?[0m

Scenario: Mark a todo as IN_PROGRESS that is already marked as IN_PROGRESS (Error Flow) ?[90m# src/test/java/resources/markTodoStatus.feature:60?[0m
Hibernate: select ti1_0.id,ti1_0.description,ti1_0.name,ti1_0.status,ti1_0.todo_list_id from todo_item ti1_0
Hibernate: delete from todo_item where id=?
Hibernate: delete from todo_item where id=?
Hibernate: insert into todo_item (description,name,status,todo_list_id) values (?,?,?,?)
Hibernate: insert into todo_item (description,name,status,todo_list_id) values (?,?,?,?)
Hibernate: select count(*) from todo_item ti1_0
SIZE SIZE SIZE: 2
  ?[32mGiven ?[0m?[32mI have the following todos in my todo list:?[0m                                     ?[90m# ca.mcgill.cranki.features.markTodoStatusStepDefs.iHaveTheFollowingTodosInMyTodoList(io.cucumber.datatable.DataTable)?[0m
    | Todo Name     | Status      |
    | Buy groceries | DONE        |
    | ECSE428 hw    | IN_PROGRESS |
Hibernate: select ti1_0.id,ti1_0.description,ti1_0.name,ti1_0.status,ti1_0.todo_list_id from todo_item ti1_0 where ti1_0.name=?
Hibernate: select ti1_0.id,ti1_0.description,ti1_0.name,ti1_0.status,tl1_0.id,tl1_0.name from todo_item ti1_0 left join todo_list tl1_0 on tl1_0.id=ti1_0.todo_list_id where ti1_0.id=?
  ?[32mWhen ?[0m?[32mI mark ?[0m?[32m?[1m"ECSE428 hw"?[0m?[32m as IN_PROGRESS?[0m                                               ?[90m# ca.mcgill.cranki.features.markTodoStatusStepDefs.iMarkAsInProgress(java.lang.String)?[0m
Hibernate: select ti1_0.id,ti1_0.description,ti1_0.name,ti1_0.status,ti1_0.todo_list_id from todo_item ti1_0 where ti1_0.name=?
  ?[32mThen ?[0m?[32mthe status of ?[0m?[32m?[1m"ECSE428 hw"?[0m?[32m should remain ?[0m?[32m?[1m"IN_PROGRESS"?[0m                           ?[90m# ca.mcgill.cranki.features.markTodoStatusStepDefs.theStatusOfShouldRemain(java.lang.String,java.lang.String)?[0m
Hibernate: select ti1_0.id,ti1_0.description,ti1_0.name,ti1_0.status,ti1_0.todo_list_id from todo_item ti1_0 where ti1_0.name=?
  ?[32mAnd ?[0m?[32mthe status of ?[0m?[32m?[1m"Buy groceries"?[0m?[32m should be ?[0m?[32m?[1m"DONE"?[0m                                    ?[90m# ca.mcgill.cranki.features.markTodoStatusStepDefs.theStatusOfShouldBe(java.lang.String,java.lang.String)?[0m
  ?[32mAnd ?[0m?[32mI should see an error message ?[0m?[32m?[1m"Task is already marked as IN_PROGRESS"?[0m             ?[90m# ca.mcgill.cranki.features.markTodoStatusStepDefs.iShouldSeeAnErrorMessage(java.lang.String)?[0m

Scenario: Attempt to mark a todo as done that does not exist ?[90m# src/test/java/resources/markTodoStatus.feature:70?[0m
Hibernate: select ti1_0.id,ti1_0.description,ti1_0.name,ti1_0.status,ti1_0.todo_list_id from todo_item ti1_0
Hibernate: delete from todo_item where id=?
Hibernate: delete from todo_item where id=?
Hibernate: insert into todo_item (description,name,status,todo_list_id) values (?,?,?,?)
Hibernate: insert into todo_item (description,name,status,todo_list_id) values (?,?,?,?)
Hibernate: select count(*) from todo_item ti1_0
SIZE SIZE SIZE: 2
  ?[32mGiven ?[0m?[32mI have the following todos in my todo list:?[0m          ?[90m# ca.mcgill.cranki.features.markTodoStatusStepDefs.iHaveTheFollowingTodosInMyTodoList(io.cucumber.datatable.DataTable)?[0m
    | Todo Name     | Status      |
    | Buy groceries | DONE        |
    | ECSE428 hw    | IN_PROGRESS |
Hibernate: select ti1_0.id,ti1_0.description,ti1_0.name,ti1_0.status,ti1_0.todo_list_id from todo_item ti1_0 where ti1_0.name=?
Hibernate: select ti1_0.id,ti1_0.description,ti1_0.name,ti1_0.status,tl1_0.id,tl1_0.name from todo_item ti1_0 left join todo_list tl1_0 on tl1_0.id=ti1_0.todo_list_id where ti1_0.id=?
  ?[32mWhen ?[0m?[32mI mark ?[0m?[32m?[1m"Go to class"?[0m?[32m as DONE?[0m                          ?[90m# ca.mcgill.cranki.features.markTodoStatusStepDefs.iMarkAsDone(java.lang.String)?[0m
  ?[32mThen ?[0m?[32mI should see an error message ?[0m?[32m?[1m"Task not found"?[0m        ?[90m# ca.mcgill.cranki.features.markTodoStatusStepDefs.iShouldSeeAnErrorMessage(java.lang.String)?[0m

Scenario Outline: Create a First Todo (Normal Flow)                            ?[90m# src/test/java/resources/sampleFeature.feature:15?[0m
  ?[32mGiven ?[0m?[32mno todos have been created?[0m                                             ?[90m# ca.mcgill.cranki.features.sampleFeatureStepdefs.noTodosHaveBeenCreated()?[0m
Hibernate: insert into todo_list (name) values (?)
  ?[32mWhen ?[0m?[32mrequesting the creation of todo list with the following name ?[0m?[32m?[1m"Buy milk"?[0m ?[90m# ca.mcgill.cranki.features.sampleFeatureStepdefs.requestingTheCreationOfTodoListWithTheFollowingNameName(java.lang.String)?[0m
Hibernate: select tl1_0.id,tl1_0.name from todo_list tl1_0 where tl1_0.name=?
  ?[32mThen ?[0m?[32mthe todo list with following name ?[0m?[32m?[1m"Buy milk"?[0m                            ?[90m# ca.mcgill.cranki.features.sampleFeatureStepdefs.theTodoListWithFollowingNameName(java.lang.String)?[0m

Scenario Outline: Create a First Todo (Normal Flow)                               ?[90m# src/test/java/resources/sampleFeature.feature:16?[0m
  ?[32mGiven ?[0m?[32mno todos have been created?[0m                                                ?[90m# ca.mcgill.cranki.features.sampleFeatureStepdefs.noTodosHaveBeenCreated()?[0m
Hibernate: insert into todo_list (name) values (?)
  ?[32mWhen ?[0m?[32mrequesting the creation of todo list with the following name ?[0m?[32m?[1m"Wash dishes"?[0m ?[90m# ca.mcgill.cranki.features.sampleFeatureStepdefs.requestingTheCreationOfTodoListWithTheFollowingNameName(java.lang.String)?[0m
Hibernate: select tl1_0.id,tl1_0.name from todo_list tl1_0 where tl1_0.name=?
  ?[32mThen ?[0m?[32mthe todo list with following name ?[0m?[32m?[1m"Wash dishes"?[0m                            ?[90m# ca.mcgill.cranki.features.sampleFeatureStepdefs.theTodoListWithFollowingNameName(java.lang.String)?[0m
]]></system-out>
  <system-err><![CDATA[WARNING: A Java agent has been loaded dynamically (/home/jubiiz/.gradle/caches/modules-2/files-2.1/net.bytebuddy/byte-buddy-agent/1.14.19/154da3a65b4f4a909d3e5bdec55d1b2b4cbb6ce1/byte-buddy-agent-1.14.19.jar)
WARNING: If a serviceability tool is in use, please run with -XX:+EnableDynamicAgentLoading to hide this warning
WARNING: If a serviceability tool is not in use, please run with -Djdk.instrument.traceUsage for more information
WARNING: Dynamic loading of agents will be disallowed by default in a future release
]]></system-err>
</testsuite>
